2023-07-26 14:11:46,874 [Worker-6: Loading available Gradle versions] INFO  o.e.b.c.i.u.g.PublishedGradleVersions - Gradle version information cache is up-to-date. Trying to read.
2023-07-26 14:16:53,374 [Worker-4: Loading available Gradle versions] INFO  o.e.b.c.i.u.g.PublishedGradleVersions - Gradle version information cache is up-to-date. Trying to read.
2023-07-27 09:03:36,752 [Worker-8: Loading available Gradle versions] INFO  o.e.b.c.i.u.g.PublishedGradleVersions - Gradle version information cache is up-to-date. Trying to read.
2023-07-27 09:22:45,206 [ModalContext] INFO  o.e.m.c.i.e.AbstractTransferListenerAdapter - Downloading http://desenv.sisdedetizadora.com.br:8081/artifactory/libs-snapshot/org/apache/maven/archetypes/maven-archetype-quickstart/1.4/maven-archetype-quickstart-1.4.pom
2023-07-27 09:22:45,406 [ModalContext] INFO  o.e.m.c.i.e.AbstractTransferListenerAdapter - Downloaded http://desenv.sisdedetizadora.com.br:8081/artifactory/libs-snapshot/org/apache/maven/archetypes/maven-archetype-quickstart/1.4/maven-archetype-quickstart-1.4.pom
2023-07-27 09:22:45,607 [ModalContext] INFO  o.e.m.c.i.e.AbstractTransferListenerAdapter - Downloading http://desenv.sisdedetizadora.com.br:8081/artifactory/libs-snapshot/org/apache/maven/archetypes/maven-archetype-bundles/1.4/maven-archetype-bundles-1.4.pom
2023-07-27 09:22:45,818 [ModalContext] INFO  o.e.m.c.i.e.AbstractTransferListenerAdapter - Downloaded http://desenv.sisdedetizadora.com.br:8081/artifactory/libs-snapshot/org/apache/maven/archetypes/maven-archetype-bundles/1.4/maven-archetype-bundles-1.4.pom
2023-07-27 09:22:46,046 [ModalContext] INFO  o.e.m.c.i.e.AbstractTransferListenerAdapter - Downloading http://desenv.sisdedetizadora.com.br:8081/artifactory/libs-snapshot/org/apache/maven/archetypes/maven-archetype-quickstart/1.4/maven-archetype-quickstart-1.4.jar
2023-07-27 09:22:46,293 [ModalContext] INFO  o.e.m.c.i.e.AbstractTransferListenerAdapter - Downloaded http://desenv.sisdedetizadora.com.br:8081/artifactory/libs-snapshot/org/apache/maven/archetypes/maven-archetype-quickstart/1.4/maven-archetype-quickstart-1.4.jar
2023-07-27 09:23:55,002 [Worker-19: Launching mavenrun-e50ecea2-bf78-410b-8fde-956cfe3594f6] INFO  o.eclipse.m2e.core.internal.Bundles - getClasspathEntries(Bundle=org.eclipse.m2e.maven.runtime_3.8.701.20230209-1606 [609])
2023-07-27 09:23:55,014 [Worker-19: Launching mavenrun-e50ecea2-bf78-410b-8fde-956cfe3594f6] INFO  o.eclipse.m2e.core.internal.Bundles - 	Entry: C:\Users\User\.p2\pool\plugins\org.eclipse.m2e.maven.runtime_3.8.701.20230209-1606
2023-07-27 09:23:55,014 [Worker-19: Launching mavenrun-e50ecea2-bf78-410b-8fde-956cfe3594f6] INFO  o.eclipse.m2e.core.internal.Bundles - 	Entry: C:\Users\User\.p2\pool\plugins\org.eclipse.m2e.maven.runtime_3.8.701.20230209-1606\jars\aether-connector-okhttp-0.17.8.jar
2023-07-27 09:23:55,014 [Worker-19: Launching mavenrun-e50ecea2-bf78-410b-8fde-956cfe3594f6] INFO  o.eclipse.m2e.core.internal.Bundles - 	Entry: C:\Users\User\.p2\pool\plugins\org.eclipse.m2e.maven.runtime_3.8.701.20230209-1606\jars\commons-lang3-3.8.1.jar
2023-07-27 09:23:55,015 [Worker-19: Launching mavenrun-e50ecea2-bf78-410b-8fde-956cfe3594f6] INFO  o.eclipse.m2e.core.internal.Bundles - 	Entry: C:\Users\User\.p2\pool\plugins\org.eclipse.m2e.maven.runtime_3.8.701.20230209-1606\jars\guice-4.2.2-no_aop.jar
2023-07-27 09:23:55,015 [Worker-19: Launching mavenrun-e50ecea2-bf78-410b-8fde-956cfe3594f6] INFO  o.eclipse.m2e.core.internal.Bundles - 	Entry: C:\Users\User\.p2\pool\plugins\org.eclipse.m2e.maven.runtime_3.8.701.20230209-1606\jars\jansi-2.4.0.jar
2023-07-27 09:23:55,015 [Worker-19: Launching mavenrun-e50ecea2-bf78-410b-8fde-956cfe3594f6] INFO  o.eclipse.m2e.core.internal.Bundles - 	Entry: C:\Users\User\.p2\pool\plugins\org.eclipse.m2e.maven.runtime_3.8.701.20230209-1606\jars\maven-artifact-3.8.7.jar
2023-07-27 09:23:55,015 [Worker-19: Launching mavenrun-e50ecea2-bf78-410b-8fde-956cfe3594f6] INFO  o.eclipse.m2e.core.internal.Bundles - 	Entry: C:\Users\User\.p2\pool\plugins\org.eclipse.m2e.maven.runtime_3.8.701.20230209-1606\jars\maven-builder-support-3.8.7.jar
2023-07-27 09:23:55,015 [Worker-19: Launching mavenrun-e50ecea2-bf78-410b-8fde-956cfe3594f6] INFO  o.eclipse.m2e.core.internal.Bundles - 	Entry: C:\Users\User\.p2\pool\plugins\org.eclipse.m2e.maven.runtime_3.8.701.20230209-1606\jars\maven-compat-3.8.7.jar
2023-07-27 09:23:55,016 [Worker-19: Launching mavenrun-e50ecea2-bf78-410b-8fde-956cfe3594f6] INFO  o.eclipse.m2e.core.internal.Bundles - 	Entry: C:\Users\User\.p2\pool\plugins\org.eclipse.m2e.maven.runtime_3.8.701.20230209-1606\jars\maven-core-3.8.7.jar
2023-07-27 09:23:55,016 [Worker-19: Launching mavenrun-e50ecea2-bf78-410b-8fde-956cfe3594f6] INFO  o.eclipse.m2e.core.internal.Bundles - 	Entry: C:\Users\User\.p2\pool\plugins\org.eclipse.m2e.maven.runtime_3.8.701.20230209-1606\jars\maven-embedder-3.8.7.jar
2023-07-27 09:23:55,016 [Worker-19: Launching mavenrun-e50ecea2-bf78-410b-8fde-956cfe3594f6] INFO  o.eclipse.m2e.core.internal.Bundles - 	Entry: C:\Users\User\.p2\pool\plugins\org.eclipse.m2e.maven.runtime_3.8.701.20230209-1606\jars\maven-model-3.8.7.jar
2023-07-27 09:23:55,016 [Worker-19: Launching mavenrun-e50ecea2-bf78-410b-8fde-956cfe3594f6] INFO  o.eclipse.m2e.core.internal.Bundles - 	Entry: C:\Users\User\.p2\pool\plugins\org.eclipse.m2e.maven.runtime_3.8.701.20230209-1606\jars\maven-model-builder-3.8.7.jar
2023-07-27 09:23:55,016 [Worker-19: Launching mavenrun-e50ecea2-bf78-410b-8fde-956cfe3594f6] INFO  o.eclipse.m2e.core.internal.Bundles - 	Entry: C:\Users\User\.p2\pool\plugins\org.eclipse.m2e.maven.runtime_3.8.701.20230209-1606\jars\maven-plugin-api-3.8.7.jar
2023-07-27 09:23:55,016 [Worker-19: Launching mavenrun-e50ecea2-bf78-410b-8fde-956cfe3594f6] INFO  o.eclipse.m2e.core.internal.Bundles - 	Entry: C:\Users\User\.p2\pool\plugins\org.eclipse.m2e.maven.runtime_3.8.701.20230209-1606\jars\maven-repository-metadata-3.8.7.jar
2023-07-27 09:23:55,016 [Worker-19: Launching mavenrun-e50ecea2-bf78-410b-8fde-956cfe3594f6] INFO  o.eclipse.m2e.core.internal.Bundles - 	Entry: C:\Users\User\.p2\pool\plugins\org.eclipse.m2e.maven.runtime_3.8.701.20230209-1606\jars\maven-resolver-api-1.6.3.jar
2023-07-27 09:23:55,017 [Worker-19: Launching mavenrun-e50ecea2-bf78-410b-8fde-956cfe3594f6] INFO  o.eclipse.m2e.core.internal.Bundles - 	Entry: C:\Users\User\.p2\pool\plugins\org.eclipse.m2e.maven.runtime_3.8.701.20230209-1606\jars\maven-resolver-connector-basic-1.6.3.jar
2023-07-27 09:23:55,017 [Worker-19: Launching mavenrun-e50ecea2-bf78-410b-8fde-956cfe3594f6] INFO  o.eclipse.m2e.core.internal.Bundles - 	Entry: C:\Users\User\.p2\pool\plugins\org.eclipse.m2e.maven.runtime_3.8.701.20230209-1606\jars\maven-resolver-impl-1.6.3.jar
2023-07-27 09:23:55,017 [Worker-19: Launching mavenrun-e50ecea2-bf78-410b-8fde-956cfe3594f6] INFO  o.eclipse.m2e.core.internal.Bundles - 	Entry: C:\Users\User\.p2\pool\plugins\org.eclipse.m2e.maven.runtime_3.8.701.20230209-1606\jars\maven-resolver-provider-3.8.7.jar
2023-07-27 09:23:55,017 [Worker-19: Launching mavenrun-e50ecea2-bf78-410b-8fde-956cfe3594f6] INFO  o.eclipse.m2e.core.internal.Bundles - 	Entry: C:\Users\User\.p2\pool\plugins\org.eclipse.m2e.maven.runtime_3.8.701.20230209-1606\jars\maven-resolver-spi-1.6.3.jar
2023-07-27 09:23:55,017 [Worker-19: Launching mavenrun-e50ecea2-bf78-410b-8fde-956cfe3594f6] INFO  o.eclipse.m2e.core.internal.Bundles - 	Entry: C:\Users\User\.p2\pool\plugins\org.eclipse.m2e.maven.runtime_3.8.701.20230209-1606\jars\maven-resolver-transport-wagon-1.6.3.jar
2023-07-27 09:23:55,017 [Worker-19: Launching mavenrun-e50ecea2-bf78-410b-8fde-956cfe3594f6] INFO  o.eclipse.m2e.core.internal.Bundles - 	Entry: C:\Users\User\.p2\pool\plugins\org.eclipse.m2e.maven.runtime_3.8.701.20230209-1606\jars\maven-resolver-util-1.6.3.jar
2023-07-27 09:23:55,017 [Worker-19: Launching mavenrun-e50ecea2-bf78-410b-8fde-956cfe3594f6] INFO  o.eclipse.m2e.core.internal.Bundles - 	Entry: C:\Users\User\.p2\pool\plugins\org.eclipse.m2e.maven.runtime_3.8.701.20230209-1606\jars\maven-settings-3.8.7.jar
2023-07-27 09:23:55,017 [Worker-19: Launching mavenrun-e50ecea2-bf78-410b-8fde-956cfe3594f6] INFO  o.eclipse.m2e.core.internal.Bundles - 	Entry: C:\Users\User\.p2\pool\plugins\org.eclipse.m2e.maven.runtime_3.8.701.20230209-1606\jars\maven-settings-builder-3.8.7.jar
2023-07-27 09:23:55,018 [Worker-19: Launching mavenrun-e50ecea2-bf78-410b-8fde-956cfe3594f6] INFO  o.eclipse.m2e.core.internal.Bundles - 	Entry: C:\Users\User\.p2\pool\plugins\org.eclipse.m2e.maven.runtime_3.8.701.20230209-1606\jars\maven-shared-utils-3.3.4.jar
2023-07-27 09:23:55,018 [Worker-19: Launching mavenrun-e50ecea2-bf78-410b-8fde-956cfe3594f6] INFO  o.eclipse.m2e.core.internal.Bundles - 	Entry: C:\Users\User\.p2\pool\plugins\org.eclipse.m2e.maven.runtime_3.8.701.20230209-1606\jars\okhttp-3.14.1.jar
2023-07-27 09:23:55,018 [Worker-19: Launching mavenrun-e50ecea2-bf78-410b-8fde-956cfe3594f6] INFO  o.eclipse.m2e.core.internal.Bundles - 	Entry: C:\Users\User\.p2\pool\plugins\org.eclipse.m2e.maven.runtime_3.8.701.20230209-1606\jars\okio-1.17.3.jar
2023-07-27 09:23:55,018 [Worker-19: Launching mavenrun-e50ecea2-bf78-410b-8fde-956cfe3594f6] INFO  o.eclipse.m2e.core.internal.Bundles - 	Entry: C:\Users\User\.p2\pool\plugins\org.eclipse.m2e.maven.runtime_3.8.701.20230209-1606\jars\org.eclipse.sisu.inject-0.3.5.jar
2023-07-27 09:23:55,018 [Worker-19: Launching mavenrun-e50ecea2-bf78-410b-8fde-956cfe3594f6] INFO  o.eclipse.m2e.core.internal.Bundles - 	Entry: C:\Users\User\.p2\pool\plugins\org.eclipse.m2e.maven.runtime_3.8.701.20230209-1606\jars\org.eclipse.sisu.plexus-0.3.5.jar
2023-07-27 09:23:55,018 [Worker-19: Launching mavenrun-e50ecea2-bf78-410b-8fde-956cfe3594f6] INFO  o.eclipse.m2e.core.internal.Bundles - 	Entry: C:\Users\User\.p2\pool\plugins\org.eclipse.m2e.maven.runtime_3.8.701.20230209-1606\jars\plexus-build-api-0.0.7.jar
2023-07-27 09:23:55,019 [Worker-19: Launching mavenrun-e50ecea2-bf78-410b-8fde-956cfe3594f6] INFO  o.eclipse.m2e.core.internal.Bundles - 	Entry: C:\Users\User\.p2\pool\plugins\org.eclipse.m2e.maven.runtime_3.8.701.20230209-1606\jars\plexus-cipher-2.0.jar
2023-07-27 09:23:55,019 [Worker-19: Launching mavenrun-e50ecea2-bf78-410b-8fde-956cfe3594f6] INFO  o.eclipse.m2e.core.internal.Bundles - 	Entry: C:\Users\User\.p2\pool\plugins\org.eclipse.m2e.maven.runtime_3.8.701.20230209-1606\jars\plexus-classworlds-2.6.0.jar
2023-07-27 09:23:55,019 [Worker-19: Launching mavenrun-e50ecea2-bf78-410b-8fde-956cfe3594f6] INFO  o.eclipse.m2e.core.internal.Bundles - 	Entry: C:\Users\User\.p2\pool\plugins\org.eclipse.m2e.maven.runtime_3.8.701.20230209-1606\jars\plexus-component-annotations-2.1.0.jar
2023-07-27 09:23:55,019 [Worker-19: Launching mavenrun-e50ecea2-bf78-410b-8fde-956cfe3594f6] INFO  o.eclipse.m2e.core.internal.Bundles - 	Entry: C:\Users\User\.p2\pool\plugins\org.eclipse.m2e.maven.runtime_3.8.701.20230209-1606\jars\plexus-interpolation-1.26.jar
2023-07-27 09:23:55,019 [Worker-19: Launching mavenrun-e50ecea2-bf78-410b-8fde-956cfe3594f6] INFO  o.eclipse.m2e.core.internal.Bundles - 	Entry: C:\Users\User\.p2\pool\plugins\org.eclipse.m2e.maven.runtime_3.8.701.20230209-1606\jars\plexus-sec-dispatcher-2.0.jar
2023-07-27 09:23:55,019 [Worker-19: Launching mavenrun-e50ecea2-bf78-410b-8fde-956cfe3594f6] INFO  o.eclipse.m2e.core.internal.Bundles - 	Entry: C:\Users\User\.p2\pool\plugins\org.eclipse.m2e.maven.runtime_3.8.701.20230209-1606\jars\plexus-utils-3.3.1.jar
2023-07-27 09:23:55,020 [Worker-19: Launching mavenrun-e50ecea2-bf78-410b-8fde-956cfe3594f6] INFO  o.eclipse.m2e.core.internal.Bundles - 	Entry: C:\Users\User\.p2\pool\plugins\org.eclipse.m2e.maven.runtime_3.8.701.20230209-1606\jars\wagon-file-3.5.3.jar
2023-07-27 09:23:55,020 [Worker-19: Launching mavenrun-e50ecea2-bf78-410b-8fde-956cfe3594f6] INFO  o.eclipse.m2e.core.internal.Bundles - 	Entry: C:\Users\User\.p2\pool\plugins\org.eclipse.m2e.maven.runtime_3.8.701.20230209-1606\jars\wagon-provider-api-3.5.3.jar
2023-07-27 09:23:55,021 [Worker-19: Launching mavenrun-e50ecea2-bf78-410b-8fde-956cfe3594f6] INFO  o.eclipse.m2e.core.internal.Bundles - getClasspathEntries(Bundle=com.google.guava_31.1.0.jre [11])
2023-07-27 09:23:55,022 [Worker-19: Launching mavenrun-e50ecea2-bf78-410b-8fde-956cfe3594f6] INFO  o.eclipse.m2e.core.internal.Bundles - 	Entry: C:\Users\User\.p2\pool\plugins\com.google.guava_31.1.0.jre.jar
2023-07-27 09:23:55,022 [Worker-19: Launching mavenrun-e50ecea2-bf78-410b-8fde-956cfe3594f6] INFO  o.eclipse.m2e.core.internal.Bundles - getClasspathEntries(Bundle=slf4j.api_1.7.36 [923])
2023-07-27 09:23:55,024 [Worker-19: Launching mavenrun-e50ecea2-bf78-410b-8fde-956cfe3594f6] INFO  o.eclipse.m2e.core.internal.Bundles - 	Entry: C:\Users\User\.p2\pool\plugins\slf4j.api_1.7.36.jar
2023-07-27 09:23:55,024 [Worker-19: Launching mavenrun-e50ecea2-bf78-410b-8fde-956cfe3594f6] INFO  o.eclipse.m2e.core.internal.Bundles - getClasspathEntries(Bundle=javax.inject_1.0.0.v20220405-0441 [35])
2023-07-27 09:23:55,025 [Worker-19: Launching mavenrun-e50ecea2-bf78-410b-8fde-956cfe3594f6] INFO  o.eclipse.m2e.core.internal.Bundles - 	Entry: C:\Users\User\.p2\pool\plugins\javax.inject_1.0.0.v20220405-0441.jar
2023-07-27 09:23:55,026 [Worker-19: Launching mavenrun-e50ecea2-bf78-410b-8fde-956cfe3594f6] INFO  o.eclipse.m2e.core.internal.Bundles - getClasspathEntries(Bundle=javax.annotation_1.3.5.v20221203-1659 [33])
2023-07-27 09:23:55,026 [Worker-19: Launching mavenrun-e50ecea2-bf78-410b-8fde-956cfe3594f6] INFO  o.eclipse.m2e.core.internal.Bundles - 	Entry: C:\Users\User\.p2\pool\plugins\javax.annotation_1.3.5.v20221203-1659.jar
2023-07-27 09:23:55,026 [Worker-19: Launching mavenrun-e50ecea2-bf78-410b-8fde-956cfe3594f6] INFO  o.eclipse.m2e.core.internal.Bundles - getClasspathEntries(Bundle=org.apache.commons.cli_1.4.0.v20221112-0806 [67])
2023-07-27 09:23:55,027 [Worker-19: Launching mavenrun-e50ecea2-bf78-410b-8fde-956cfe3594f6] INFO  o.eclipse.m2e.core.internal.Bundles - 	Entry: C:\Users\User\.p2\pool\plugins\org.apache.commons.cli_1.4.0.v20221112-0806.jar
2023-07-27 09:23:55,027 [Worker-19: Launching mavenrun-e50ecea2-bf78-410b-8fde-956cfe3594f6] INFO  o.eclipse.m2e.core.internal.Bundles - getClasspathEntries(Bundle=com.google.guava.failureaccess_1.0.1 [13])
2023-07-27 09:23:55,028 [Worker-19: Launching mavenrun-e50ecea2-bf78-410b-8fde-956cfe3594f6] INFO  o.eclipse.m2e.core.internal.Bundles - 	Entry: C:\Users\User\.p2\pool\plugins\com.google.guava.failureaccess_1.0.1.jar
2023-07-27 09:23:55,034 [Worker-19: Launching mavenrun-e50ecea2-bf78-410b-8fde-956cfe3594f6] INFO  o.e.m.i.launch.MavenLaunchDelegate - Run build in "C:\Users\User\AppData\Local\Temp\m2e-archetypeGenerator10605091411302186472":
2023-07-27 09:23:55,037 [Worker-19: Launching mavenrun-e50ecea2-bf78-410b-8fde-956cfe3594f6] INFO  o.e.m.i.launch.MavenLaunchDelegate -  mvn  -DarchetypeGroupId=org.apache.maven.archetypes -DarchetypeArtifactId=maven-archetype-quickstart -DarchetypeVersion=1.4 -DgroupId=neuPrimeiroProjetoJSF -DartifactId=meuPrimeiroProjetoJSF -Dversion=0.0.1-SNAPSHOT -Dpackage=br.com.jdevcurso -DoutputDirectory=C:\sadrack-jdev\jdev-jsp -Dstyle.color=always -U archetype:generate
2023-07-27 09:26:05,837 [Worker-17: Launching mavenrun-b3d8da37-cff4-4b98-9677-8c6e57243896] INFO  o.e.m.i.launch.MavenLaunchDelegate - Run build in "C:\Users\User\AppData\Local\Temp\m2e-archetypeGenerator9235055029333965072":
2023-07-27 09:26:05,838 [Worker-17: Launching mavenrun-b3d8da37-cff4-4b98-9677-8c6e57243896] INFO  o.e.m.i.launch.MavenLaunchDelegate -  mvn  -DarchetypeGroupId=org.apache.maven.archetypes -DarchetypeArtifactId=maven-archetype-quickstart -DarchetypeVersion=1.4 -DgroupId=meuPrimeiroProjetoJSF -DartifactId=meuPrimeiroProjetoJSF -Dversion=0.0.1-SNAPSHOT -Dpackage=br.com.jdevcurso -DoutputDirectory=C:\sadrack-jdev\jdev-jsp -Dstyle.color=always -U archetype:generate
2023-07-27 09:27:00,729 [Worker-22: Creating maven-archetype-quickstart] INFO  o.e.m.c.i.p.ProjectConfigurationManager - Collecting project info '/pom.xml' C:\sadrack-jdev\jdev-jsp\meuPrimeiroProjetoJSF\pom.xml
2023-07-27 09:27:01,577 [Worker-22: Creating maven-archetype-quickstart] INFO  o.e.m.c.i.e.AbstractTransferListenerAdapter - Downloading http://desenv.sisdedetizadora.com.br:8081/artifactory/libs-snapshot/org/apache/maven/plugins/maven-clean-plugin/3.1.0/maven-clean-plugin-3.1.0.jar
2023-07-27 09:27:02,101 [Worker-22: Creating maven-archetype-quickstart] INFO  o.e.m.c.i.e.AbstractTransferListenerAdapter - Downloaded http://desenv.sisdedetizadora.com.br:8081/artifactory/libs-snapshot/org/apache/maven/plugins/maven-clean-plugin/3.1.0/maven-clean-plugin-3.1.0.jar
2023-07-27 09:27:02,377 [Worker-22: Creating maven-archetype-quickstart] INFO  o.e.m.c.i.e.AbstractTransferListenerAdapter - Downloading http://desenv.sisdedetizadora.com.br:8081/artifactory/libs-snapshot/org/apache/maven/plugins/maven-resources-plugin/3.0.2/maven-resources-plugin-3.0.2.jar
2023-07-27 09:27:02,749 [Worker-22: Creating maven-archetype-quickstart] INFO  o.e.m.c.i.e.AbstractTransferListenerAdapter - Downloaded http://desenv.sisdedetizadora.com.br:8081/artifactory/libs-snapshot/org/apache/maven/plugins/maven-resources-plugin/3.0.2/maven-resources-plugin-3.0.2.jar
2023-07-27 09:27:03,033 [Worker-22: Creating maven-archetype-quickstart] INFO  o.e.m.c.i.e.AbstractTransferListenerAdapter - Downloading http://desenv.sisdedetizadora.com.br:8081/artifactory/libs-snapshot/org/apache/maven/plugins/maven-surefire-plugin/2.22.1/maven-surefire-plugin-2.22.1.jar
2023-07-27 09:27:03,331 [Worker-22: Creating maven-archetype-quickstart] INFO  o.e.m.c.i.e.AbstractTransferListenerAdapter - Downloaded http://desenv.sisdedetizadora.com.br:8081/artifactory/libs-snapshot/org/apache/maven/plugins/maven-surefire-plugin/2.22.1/maven-surefire-plugin-2.22.1.jar
2023-07-27 09:27:03,640 [Worker-22: Creating maven-archetype-quickstart] INFO  o.e.m.c.i.e.AbstractTransferListenerAdapter - Downloading http://desenv.sisdedetizadora.com.br:8081/artifactory/libs-snapshot/org/apache/maven/plugins/maven-install-plugin/2.5.2/maven-install-plugin-2.5.2.jar
2023-07-27 09:27:03,970 [Worker-22: Creating maven-archetype-quickstart] INFO  o.e.m.c.i.e.AbstractTransferListenerAdapter - Downloaded http://desenv.sisdedetizadora.com.br:8081/artifactory/libs-snapshot/org/apache/maven/plugins/maven-install-plugin/2.5.2/maven-install-plugin-2.5.2.jar
2023-07-27 09:27:04,226 [Worker-22: Creating maven-archetype-quickstart] INFO  o.e.m.c.i.e.AbstractTransferListenerAdapter - Downloading http://desenv.sisdedetizadora.com.br:8081/artifactory/libs-snapshot/org/apache/maven/plugins/maven-deploy-plugin/2.8.2/maven-deploy-plugin-2.8.2.jar
2023-07-27 09:27:04,541 [Worker-22: Creating maven-archetype-quickstart] INFO  o.e.m.c.i.e.AbstractTransferListenerAdapter - Downloaded http://desenv.sisdedetizadora.com.br:8081/artifactory/libs-snapshot/org/apache/maven/plugins/maven-deploy-plugin/2.8.2/maven-deploy-plugin-2.8.2.jar
2023-07-27 09:27:04,786 [Worker-22: Creating maven-archetype-quickstart] INFO  o.e.m.c.i.e.AbstractTransferListenerAdapter - Downloading http://desenv.sisdedetizadora.com.br:8081/artifactory/libs-snapshot/org/apache/maven/plugins/maven-site-plugin/3.7.1/maven-site-plugin-3.7.1.jar
2023-07-27 09:27:05,301 [Worker-22: Creating maven-archetype-quickstart] INFO  o.e.m.c.i.e.AbstractTransferListenerAdapter - Downloaded http://desenv.sisdedetizadora.com.br:8081/artifactory/libs-snapshot/org/apache/maven/plugins/maven-site-plugin/3.7.1/maven-site-plugin-3.7.1.jar
2023-07-27 09:27:06,873 [Worker-22: Creating maven-archetype-quickstart] INFO  o.e.m.c.i.l.LifecycleMappingFactory - Using org.eclipse.m2e.jdt.JarLifecycleMapping lifecycle mapping for MavenProject: meuPrimeiroProjetoJSF:meuPrimeiroProjetoJSF:0.0.1-SNAPSHOT @ C:\sadrack-jdev\jdev-jsp\meuPrimeiroProjetoJSF\pom.xml.
2023-07-27 09:27:07,111 [Worker-22: Creating maven-archetype-quickstart] INFO  o.e.m.c.i.e.AbstractTransferListenerAdapter - Downloading http://desenv.sisdedetizadora.com.br:8081/artifactory/libs-snapshot/org/apache/maven/plugins/maven-resources-plugin/3.0.2/maven-resources-plugin-3.0.2.pom
2023-07-27 09:27:07,315 [Worker-22: Creating maven-archetype-quickstart] INFO  o.e.m.c.i.e.AbstractTransferListenerAdapter - Downloaded http://desenv.sisdedetizadora.com.br:8081/artifactory/libs-snapshot/org/apache/maven/plugins/maven-resources-plugin/3.0.2/maven-resources-plugin-3.0.2.pom
2023-07-27 09:27:07,632 [Worker-22: Creating maven-archetype-quickstart] INFO  o.e.m.c.i.e.AbstractTransferListenerAdapter - Downloading http://desenv.sisdedetizadora.com.br:8081/artifactory/libs-snapshot/org/apache/maven/plugins/maven-surefire-plugin/2.22.1/maven-surefire-plugin-2.22.1.pom
2023-07-27 09:27:07,817 [Worker-22: Creating maven-archetype-quickstart] INFO  o.e.m.c.i.e.AbstractTransferListenerAdapter - Downloaded http://desenv.sisdedetizadora.com.br:8081/artifactory/libs-snapshot/org/apache/maven/plugins/maven-surefire-plugin/2.22.1/maven-surefire-plugin-2.22.1.pom
2023-07-27 09:27:07,990 [Worker-22: Creating maven-archetype-quickstart] INFO  o.e.m.c.i.e.AbstractTransferListenerAdapter - Downloading http://desenv.sisdedetizadora.com.br:8081/artifactory/libs-snapshot/org/apache/maven/surefire/surefire/2.22.1/surefire-2.22.1.pom
2023-07-27 09:27:08,337 [Worker-22: Creating maven-archetype-quickstart] INFO  o.e.m.c.i.e.AbstractTransferListenerAdapter - Downloaded http://desenv.sisdedetizadora.com.br:8081/artifactory/libs-snapshot/org/apache/maven/surefire/surefire/2.22.1/surefire-2.22.1.pom
2023-07-27 09:27:09,513 [Worker-22: Creating maven-archetype-quickstart] INFO  o.e.m.j.i.AbstractJavaProjectConfigurator - Adding source folder /meuPrimeiroProjetoJSF/src/main/java
2023-07-27 09:27:09,516 [Worker-22: Creating maven-archetype-quickstart] INFO  o.e.m.j.i.AbstractJavaProjectConfigurator - Adding source folder /meuPrimeiroProjetoJSF/src/test/java
2023-07-27 09:27:09,812 [Worker-22: Creating maven-archetype-quickstart] INFO  o.e.m.c.i.p.ProjectConfigurationManager - Imported and configured 1 project(s) in 9 sec
2023-07-27 09:27:10,401 [Worker-17: Building] INFO  o.e.m.c.i.embedder.EclipseLogger - Using 'UTF-8' encoding to copy filtered resources.
2023-07-27 09:27:10,402 [Worker-17: Building] INFO  o.e.m.c.i.embedder.EclipseLogger - skip non existing resourceDirectory C:\sadrack-jdev\jdev-jsp\meuPrimeiroProjetoJSF\src\main\resources
2023-07-27 09:27:10,404 [Worker-17: Building] INFO  o.e.m.c.i.embedder.EclipseLogger - Using 'UTF-8' encoding to copy filtered resources.
2023-07-27 09:27:10,404 [Worker-17: Building] INFO  o.e.m.c.i.embedder.EclipseLogger - skip non existing resourceDirectory C:\sadrack-jdev\jdev-jsp\meuPrimeiroProjetoJSF\src\test\resources
2023-07-27 09:30:22,085 [Worker-23: Building Project meuPrimeiroProjetoJSF] INFO  o.e.m.c.i.embedder.EclipseLogger - Using 'UTF-8' encoding to copy filtered resources.
2023-07-27 09:30:22,085 [Worker-23: Building Project meuPrimeiroProjetoJSF] INFO  o.e.m.c.i.embedder.EclipseLogger - skip non existing resourceDirectory C:\sadrack-jdev\jdev-jsp\meuPrimeiroProjetoJSF\src\main\resources
2023-07-27 09:30:22,089 [Worker-23: Building Project meuPrimeiroProjetoJSF] INFO  o.e.m.c.i.embedder.EclipseLogger - Using 'UTF-8' encoding to copy filtered resources.
2023-07-27 09:30:22,089 [Worker-23: Building Project meuPrimeiroProjetoJSF] INFO  o.e.m.c.i.embedder.EclipseLogger - skip non existing resourceDirectory C:\sadrack-jdev\jdev-jsp\meuPrimeiroProjetoJSF\src\test\resources
2023-07-27 09:37:11,101 [Worker-41: Building] INFO  o.e.m.c.i.embedder.EclipseLogger - Using 'UTF-8' encoding to copy filtered resources.
2023-07-27 09:37:11,102 [Worker-41: Building] INFO  o.e.m.c.i.embedder.EclipseLogger - skip non existing resourceDirectory C:\sadrack-jdev\jdev-jsp\meuPrimeiroProjetoJSF\src\main\resources
2023-07-27 09:37:11,104 [Worker-41: Building] INFO  o.e.m.c.i.embedder.EclipseLogger - Using 'UTF-8' encoding to copy filtered resources.
2023-07-27 09:37:11,104 [Worker-41: Building] INFO  o.e.m.c.i.embedder.EclipseLogger - skip non existing resourceDirectory C:\sadrack-jdev\jdev-jsp\meuPrimeiroProjetoJSF\src\test\resources
2023-07-27 09:37:22,849 [Worker-17: Building] INFO  o.e.m.c.i.embedder.EclipseLogger - Using 'UTF-8' encoding to copy filtered resources.
2023-07-27 09:37:22,849 [Worker-17: Building] INFO  o.e.m.c.i.embedder.EclipseLogger - skip non existing resourceDirectory C:\sadrack-jdev\jdev-jsp\meuPrimeiroProjetoJSF\src\main\resources
2023-07-27 09:37:22,851 [Worker-17: Building] INFO  o.e.m.c.i.embedder.EclipseLogger - Using 'UTF-8' encoding to copy filtered resources.
2023-07-27 09:37:22,852 [Worker-17: Building] INFO  o.e.m.c.i.embedder.EclipseLogger - skip non existing resourceDirectory C:\sadrack-jdev\jdev-jsp\meuPrimeiroProjetoJSF\src\test\resources
2023-07-27 09:44:10,132 [Worker-47: Building] INFO  o.e.m.c.i.embedder.EclipseLogger - Using 'UTF-8' encoding to copy filtered resources.
2023-07-27 09:44:10,132 [Worker-47: Building] INFO  o.e.m.c.i.embedder.EclipseLogger - skip non existing resourceDirectory C:\sadrack-jdev\jdev-jsp\meuPrimeiroProjetoJSF\src\main\resources
2023-07-27 09:44:10,134 [Worker-47: Building] INFO  o.e.m.c.i.embedder.EclipseLogger - Using 'UTF-8' encoding to copy filtered resources.
2023-07-27 09:44:10,134 [Worker-47: Building] INFO  o.e.m.c.i.embedder.EclipseLogger - skip non existing resourceDirectory C:\sadrack-jdev\jdev-jsp\meuPrimeiroProjetoJSF\src\test\resources
2023-07-27 09:45:14,205 [Worker-47: Building] INFO  o.e.m.c.i.embedder.EclipseLogger - Using 'UTF-8' encoding to copy filtered resources.
2023-07-27 09:45:14,205 [Worker-47: Building] INFO  o.e.m.c.i.embedder.EclipseLogger - skip non existing resourceDirectory C:\sadrack-jdev\jdev-jsp\meuPrimeiroProjetoJSF\src\main\resources
2023-07-27 09:45:14,207 [Worker-47: Building] INFO  o.e.m.c.i.embedder.EclipseLogger - Using 'UTF-8' encoding to copy filtered resources.
2023-07-27 09:45:14,207 [Worker-47: Building] INFO  o.e.m.c.i.embedder.EclipseLogger - skip non existing resourceDirectory C:\sadrack-jdev\jdev-jsp\meuPrimeiroProjetoJSF\src\test\resources
2023-07-27 09:45:17,761 [Worker-49: Building] INFO  o.e.m.c.i.embedder.EclipseLogger - Using 'UTF-8' encoding to copy filtered resources.
2023-07-27 09:45:17,762 [Worker-49: Building] INFO  o.e.m.c.i.embedder.EclipseLogger - skip non existing resourceDirectory C:\sadrack-jdev\jdev-jsp\meuPrimeiroProjetoJSF\src\main\resources
2023-07-27 09:45:17,763 [Worker-49: Building] INFO  o.e.m.c.i.embedder.EclipseLogger - Using 'UTF-8' encoding to copy filtered resources.
2023-07-27 09:45:17,763 [Worker-49: Building] INFO  o.e.m.c.i.embedder.EclipseLogger - skip non existing resourceDirectory C:\sadrack-jdev\jdev-jsp\meuPrimeiroProjetoJSF\src\test\resources
2023-07-27 10:06:34,617 [Worker-1: Loading available Gradle versions] INFO  o.e.b.c.i.u.g.PublishedGradleVersions - Gradle version information cache is up-to-date. Trying to read.
2023-07-27 10:11:33,413 [Worker-1: Launching mavenrun-e6fc2fb7-c6e1-4104-8c3b-09f00d1841b4] INFO  o.eclipse.m2e.core.internal.Bundles - getClasspathEntries(Bundle=org.eclipse.m2e.maven.runtime_3.8.701.20230209-1606 [609])
2023-07-27 10:11:33,427 [Worker-1: Launching mavenrun-e6fc2fb7-c6e1-4104-8c3b-09f00d1841b4] INFO  o.eclipse.m2e.core.internal.Bundles - 	Entry: C:\Users\User\.p2\pool\plugins\org.eclipse.m2e.maven.runtime_3.8.701.20230209-1606
2023-07-27 10:11:33,427 [Worker-1: Launching mavenrun-e6fc2fb7-c6e1-4104-8c3b-09f00d1841b4] INFO  o.eclipse.m2e.core.internal.Bundles - 	Entry: C:\Users\User\.p2\pool\plugins\org.eclipse.m2e.maven.runtime_3.8.701.20230209-1606\jars\aether-connector-okhttp-0.17.8.jar
2023-07-27 10:11:33,427 [Worker-1: Launching mavenrun-e6fc2fb7-c6e1-4104-8c3b-09f00d1841b4] INFO  o.eclipse.m2e.core.internal.Bundles - 	Entry: C:\Users\User\.p2\pool\plugins\org.eclipse.m2e.maven.runtime_3.8.701.20230209-1606\jars\commons-lang3-3.8.1.jar
2023-07-27 10:11:33,428 [Worker-1: Launching mavenrun-e6fc2fb7-c6e1-4104-8c3b-09f00d1841b4] INFO  o.eclipse.m2e.core.internal.Bundles - 	Entry: C:\Users\User\.p2\pool\plugins\org.eclipse.m2e.maven.runtime_3.8.701.20230209-1606\jars\guice-4.2.2-no_aop.jar
2023-07-27 10:11:33,428 [Worker-1: Launching mavenrun-e6fc2fb7-c6e1-4104-8c3b-09f00d1841b4] INFO  o.eclipse.m2e.core.internal.Bundles - 	Entry: C:\Users\User\.p2\pool\plugins\org.eclipse.m2e.maven.runtime_3.8.701.20230209-1606\jars\jansi-2.4.0.jar
2023-07-27 10:11:33,428 [Worker-1: Launching mavenrun-e6fc2fb7-c6e1-4104-8c3b-09f00d1841b4] INFO  o.eclipse.m2e.core.internal.Bundles - 	Entry: C:\Users\User\.p2\pool\plugins\org.eclipse.m2e.maven.runtime_3.8.701.20230209-1606\jars\maven-artifact-3.8.7.jar
2023-07-27 10:11:33,428 [Worker-1: Launching mavenrun-e6fc2fb7-c6e1-4104-8c3b-09f00d1841b4] INFO  o.eclipse.m2e.core.internal.Bundles - 	Entry: C:\Users\User\.p2\pool\plugins\org.eclipse.m2e.maven.runtime_3.8.701.20230209-1606\jars\maven-builder-support-3.8.7.jar
2023-07-27 10:11:33,428 [Worker-1: Launching mavenrun-e6fc2fb7-c6e1-4104-8c3b-09f00d1841b4] INFO  o.eclipse.m2e.core.internal.Bundles - 	Entry: C:\Users\User\.p2\pool\plugins\org.eclipse.m2e.maven.runtime_3.8.701.20230209-1606\jars\maven-compat-3.8.7.jar
2023-07-27 10:11:33,428 [Worker-1: Launching mavenrun-e6fc2fb7-c6e1-4104-8c3b-09f00d1841b4] INFO  o.eclipse.m2e.core.internal.Bundles - 	Entry: C:\Users\User\.p2\pool\plugins\org.eclipse.m2e.maven.runtime_3.8.701.20230209-1606\jars\maven-core-3.8.7.jar
2023-07-27 10:11:33,428 [Worker-1: Launching mavenrun-e6fc2fb7-c6e1-4104-8c3b-09f00d1841b4] INFO  o.eclipse.m2e.core.internal.Bundles - 	Entry: C:\Users\User\.p2\pool\plugins\org.eclipse.m2e.maven.runtime_3.8.701.20230209-1606\jars\maven-embedder-3.8.7.jar
2023-07-27 10:11:33,429 [Worker-1: Launching mavenrun-e6fc2fb7-c6e1-4104-8c3b-09f00d1841b4] INFO  o.eclipse.m2e.core.internal.Bundles - 	Entry: C:\Users\User\.p2\pool\plugins\org.eclipse.m2e.maven.runtime_3.8.701.20230209-1606\jars\maven-model-3.8.7.jar
2023-07-27 10:11:33,429 [Worker-1: Launching mavenrun-e6fc2fb7-c6e1-4104-8c3b-09f00d1841b4] INFO  o.eclipse.m2e.core.internal.Bundles - 	Entry: C:\Users\User\.p2\pool\plugins\org.eclipse.m2e.maven.runtime_3.8.701.20230209-1606\jars\maven-model-builder-3.8.7.jar
2023-07-27 10:11:33,429 [Worker-1: Launching mavenrun-e6fc2fb7-c6e1-4104-8c3b-09f00d1841b4] INFO  o.eclipse.m2e.core.internal.Bundles - 	Entry: C:\Users\User\.p2\pool\plugins\org.eclipse.m2e.maven.runtime_3.8.701.20230209-1606\jars\maven-plugin-api-3.8.7.jar
2023-07-27 10:11:33,429 [Worker-1: Launching mavenrun-e6fc2fb7-c6e1-4104-8c3b-09f00d1841b4] INFO  o.eclipse.m2e.core.internal.Bundles - 	Entry: C:\Users\User\.p2\pool\plugins\org.eclipse.m2e.maven.runtime_3.8.701.20230209-1606\jars\maven-repository-metadata-3.8.7.jar
2023-07-27 10:11:33,429 [Worker-1: Launching mavenrun-e6fc2fb7-c6e1-4104-8c3b-09f00d1841b4] INFO  o.eclipse.m2e.core.internal.Bundles - 	Entry: C:\Users\User\.p2\pool\plugins\org.eclipse.m2e.maven.runtime_3.8.701.20230209-1606\jars\maven-resolver-api-1.6.3.jar
2023-07-27 10:11:33,429 [Worker-1: Launching mavenrun-e6fc2fb7-c6e1-4104-8c3b-09f00d1841b4] INFO  o.eclipse.m2e.core.internal.Bundles - 	Entry: C:\Users\User\.p2\pool\plugins\org.eclipse.m2e.maven.runtime_3.8.701.20230209-1606\jars\maven-resolver-connector-basic-1.6.3.jar
2023-07-27 10:11:33,430 [Worker-1: Launching mavenrun-e6fc2fb7-c6e1-4104-8c3b-09f00d1841b4] INFO  o.eclipse.m2e.core.internal.Bundles - 	Entry: C:\Users\User\.p2\pool\plugins\org.eclipse.m2e.maven.runtime_3.8.701.20230209-1606\jars\maven-resolver-impl-1.6.3.jar
2023-07-27 10:11:33,430 [Worker-1: Launching mavenrun-e6fc2fb7-c6e1-4104-8c3b-09f00d1841b4] INFO  o.eclipse.m2e.core.internal.Bundles - 	Entry: C:\Users\User\.p2\pool\plugins\org.eclipse.m2e.maven.runtime_3.8.701.20230209-1606\jars\maven-resolver-provider-3.8.7.jar
2023-07-27 10:11:33,430 [Worker-1: Launching mavenrun-e6fc2fb7-c6e1-4104-8c3b-09f00d1841b4] INFO  o.eclipse.m2e.core.internal.Bundles - 	Entry: C:\Users\User\.p2\pool\plugins\org.eclipse.m2e.maven.runtime_3.8.701.20230209-1606\jars\maven-resolver-spi-1.6.3.jar
2023-07-27 10:11:33,430 [Worker-1: Launching mavenrun-e6fc2fb7-c6e1-4104-8c3b-09f00d1841b4] INFO  o.eclipse.m2e.core.internal.Bundles - 	Entry: C:\Users\User\.p2\pool\plugins\org.eclipse.m2e.maven.runtime_3.8.701.20230209-1606\jars\maven-resolver-transport-wagon-1.6.3.jar
2023-07-27 10:11:33,430 [Worker-1: Launching mavenrun-e6fc2fb7-c6e1-4104-8c3b-09f00d1841b4] INFO  o.eclipse.m2e.core.internal.Bundles - 	Entry: C:\Users\User\.p2\pool\plugins\org.eclipse.m2e.maven.runtime_3.8.701.20230209-1606\jars\maven-resolver-util-1.6.3.jar
2023-07-27 10:11:33,430 [Worker-1: Launching mavenrun-e6fc2fb7-c6e1-4104-8c3b-09f00d1841b4] INFO  o.eclipse.m2e.core.internal.Bundles - 	Entry: C:\Users\User\.p2\pool\plugins\org.eclipse.m2e.maven.runtime_3.8.701.20230209-1606\jars\maven-settings-3.8.7.jar
2023-07-27 10:11:33,430 [Worker-1: Launching mavenrun-e6fc2fb7-c6e1-4104-8c3b-09f00d1841b4] INFO  o.eclipse.m2e.core.internal.Bundles - 	Entry: C:\Users\User\.p2\pool\plugins\org.eclipse.m2e.maven.runtime_3.8.701.20230209-1606\jars\maven-settings-builder-3.8.7.jar
2023-07-27 10:11:33,430 [Worker-1: Launching mavenrun-e6fc2fb7-c6e1-4104-8c3b-09f00d1841b4] INFO  o.eclipse.m2e.core.internal.Bundles - 	Entry: C:\Users\User\.p2\pool\plugins\org.eclipse.m2e.maven.runtime_3.8.701.20230209-1606\jars\maven-shared-utils-3.3.4.jar
2023-07-27 10:11:33,431 [Worker-1: Launching mavenrun-e6fc2fb7-c6e1-4104-8c3b-09f00d1841b4] INFO  o.eclipse.m2e.core.internal.Bundles - 	Entry: C:\Users\User\.p2\pool\plugins\org.eclipse.m2e.maven.runtime_3.8.701.20230209-1606\jars\okhttp-3.14.1.jar
2023-07-27 10:11:33,431 [Worker-1: Launching mavenrun-e6fc2fb7-c6e1-4104-8c3b-09f00d1841b4] INFO  o.eclipse.m2e.core.internal.Bundles - 	Entry: C:\Users\User\.p2\pool\plugins\org.eclipse.m2e.maven.runtime_3.8.701.20230209-1606\jars\okio-1.17.3.jar
2023-07-27 10:11:33,431 [Worker-1: Launching mavenrun-e6fc2fb7-c6e1-4104-8c3b-09f00d1841b4] INFO  o.eclipse.m2e.core.internal.Bundles - 	Entry: C:\Users\User\.p2\pool\plugins\org.eclipse.m2e.maven.runtime_3.8.701.20230209-1606\jars\org.eclipse.sisu.inject-0.3.5.jar
2023-07-27 10:11:33,431 [Worker-1: Launching mavenrun-e6fc2fb7-c6e1-4104-8c3b-09f00d1841b4] INFO  o.eclipse.m2e.core.internal.Bundles - 	Entry: C:\Users\User\.p2\pool\plugins\org.eclipse.m2e.maven.runtime_3.8.701.20230209-1606\jars\org.eclipse.sisu.plexus-0.3.5.jar
2023-07-27 10:11:33,431 [Worker-1: Launching mavenrun-e6fc2fb7-c6e1-4104-8c3b-09f00d1841b4] INFO  o.eclipse.m2e.core.internal.Bundles - 	Entry: C:\Users\User\.p2\pool\plugins\org.eclipse.m2e.maven.runtime_3.8.701.20230209-1606\jars\plexus-build-api-0.0.7.jar
2023-07-27 10:11:33,431 [Worker-1: Launching mavenrun-e6fc2fb7-c6e1-4104-8c3b-09f00d1841b4] INFO  o.eclipse.m2e.core.internal.Bundles - 	Entry: C:\Users\User\.p2\pool\plugins\org.eclipse.m2e.maven.runtime_3.8.701.20230209-1606\jars\plexus-cipher-2.0.jar
2023-07-27 10:11:33,432 [Worker-1: Launching mavenrun-e6fc2fb7-c6e1-4104-8c3b-09f00d1841b4] INFO  o.eclipse.m2e.core.internal.Bundles - 	Entry: C:\Users\User\.p2\pool\plugins\org.eclipse.m2e.maven.runtime_3.8.701.20230209-1606\jars\plexus-classworlds-2.6.0.jar
2023-07-27 10:11:33,432 [Worker-1: Launching mavenrun-e6fc2fb7-c6e1-4104-8c3b-09f00d1841b4] INFO  o.eclipse.m2e.core.internal.Bundles - 	Entry: C:\Users\User\.p2\pool\plugins\org.eclipse.m2e.maven.runtime_3.8.701.20230209-1606\jars\plexus-component-annotations-2.1.0.jar
2023-07-27 10:11:33,432 [Worker-1: Launching mavenrun-e6fc2fb7-c6e1-4104-8c3b-09f00d1841b4] INFO  o.eclipse.m2e.core.internal.Bundles - 	Entry: C:\Users\User\.p2\pool\plugins\org.eclipse.m2e.maven.runtime_3.8.701.20230209-1606\jars\plexus-interpolation-1.26.jar
2023-07-27 10:11:33,432 [Worker-1: Launching mavenrun-e6fc2fb7-c6e1-4104-8c3b-09f00d1841b4] INFO  o.eclipse.m2e.core.internal.Bundles - 	Entry: C:\Users\User\.p2\pool\plugins\org.eclipse.m2e.maven.runtime_3.8.701.20230209-1606\jars\plexus-sec-dispatcher-2.0.jar
2023-07-27 10:11:33,432 [Worker-1: Launching mavenrun-e6fc2fb7-c6e1-4104-8c3b-09f00d1841b4] INFO  o.eclipse.m2e.core.internal.Bundles - 	Entry: C:\Users\User\.p2\pool\plugins\org.eclipse.m2e.maven.runtime_3.8.701.20230209-1606\jars\plexus-utils-3.3.1.jar
2023-07-27 10:11:33,432 [Worker-1: Launching mavenrun-e6fc2fb7-c6e1-4104-8c3b-09f00d1841b4] INFO  o.eclipse.m2e.core.internal.Bundles - 	Entry: C:\Users\User\.p2\pool\plugins\org.eclipse.m2e.maven.runtime_3.8.701.20230209-1606\jars\wagon-file-3.5.3.jar
2023-07-27 10:11:33,432 [Worker-1: Launching mavenrun-e6fc2fb7-c6e1-4104-8c3b-09f00d1841b4] INFO  o.eclipse.m2e.core.internal.Bundles - 	Entry: C:\Users\User\.p2\pool\plugins\org.eclipse.m2e.maven.runtime_3.8.701.20230209-1606\jars\wagon-provider-api-3.5.3.jar
2023-07-27 10:11:33,434 [Worker-1: Launching mavenrun-e6fc2fb7-c6e1-4104-8c3b-09f00d1841b4] INFO  o.eclipse.m2e.core.internal.Bundles - getClasspathEntries(Bundle=com.google.guava_31.1.0.jre [11])
2023-07-27 10:11:33,434 [Worker-1: Launching mavenrun-e6fc2fb7-c6e1-4104-8c3b-09f00d1841b4] INFO  o.eclipse.m2e.core.internal.Bundles - 	Entry: C:\Users\User\.p2\pool\plugins\com.google.guava_31.1.0.jre.jar
2023-07-27 10:11:33,434 [Worker-1: Launching mavenrun-e6fc2fb7-c6e1-4104-8c3b-09f00d1841b4] INFO  o.eclipse.m2e.core.internal.Bundles - getClasspathEntries(Bundle=slf4j.api_1.7.36 [923])
2023-07-27 10:11:33,435 [Worker-1: Launching mavenrun-e6fc2fb7-c6e1-4104-8c3b-09f00d1841b4] INFO  o.eclipse.m2e.core.internal.Bundles - 	Entry: C:\Users\User\.p2\pool\plugins\slf4j.api_1.7.36.jar
2023-07-27 10:11:33,435 [Worker-1: Launching mavenrun-e6fc2fb7-c6e1-4104-8c3b-09f00d1841b4] INFO  o.eclipse.m2e.core.internal.Bundles - getClasspathEntries(Bundle=javax.inject_1.0.0.v20220405-0441 [35])
2023-07-27 10:11:33,436 [Worker-1: Launching mavenrun-e6fc2fb7-c6e1-4104-8c3b-09f00d1841b4] INFO  o.eclipse.m2e.core.internal.Bundles - 	Entry: C:\Users\User\.p2\pool\plugins\javax.inject_1.0.0.v20220405-0441.jar
2023-07-27 10:11:33,436 [Worker-1: Launching mavenrun-e6fc2fb7-c6e1-4104-8c3b-09f00d1841b4] INFO  o.eclipse.m2e.core.internal.Bundles - getClasspathEntries(Bundle=javax.annotation_1.3.5.v20221203-1659 [33])
2023-07-27 10:11:33,438 [Worker-1: Launching mavenrun-e6fc2fb7-c6e1-4104-8c3b-09f00d1841b4] INFO  o.eclipse.m2e.core.internal.Bundles - 	Entry: C:\Users\User\.p2\pool\plugins\javax.annotation_1.3.5.v20221203-1659.jar
2023-07-27 10:11:33,438 [Worker-1: Launching mavenrun-e6fc2fb7-c6e1-4104-8c3b-09f00d1841b4] INFO  o.eclipse.m2e.core.internal.Bundles - getClasspathEntries(Bundle=org.apache.commons.cli_1.4.0.v20221112-0806 [67])
2023-07-27 10:11:33,439 [Worker-1: Launching mavenrun-e6fc2fb7-c6e1-4104-8c3b-09f00d1841b4] INFO  o.eclipse.m2e.core.internal.Bundles - 	Entry: C:\Users\User\.p2\pool\plugins\org.apache.commons.cli_1.4.0.v20221112-0806.jar
2023-07-27 10:11:33,439 [Worker-1: Launching mavenrun-e6fc2fb7-c6e1-4104-8c3b-09f00d1841b4] INFO  o.eclipse.m2e.core.internal.Bundles - getClasspathEntries(Bundle=com.google.guava.failureaccess_1.0.1 [13])
2023-07-27 10:11:33,439 [Worker-1: Launching mavenrun-e6fc2fb7-c6e1-4104-8c3b-09f00d1841b4] INFO  o.eclipse.m2e.core.internal.Bundles - 	Entry: C:\Users\User\.p2\pool\plugins\com.google.guava.failureaccess_1.0.1.jar
2023-07-27 10:11:33,442 [Worker-1: Launching mavenrun-e6fc2fb7-c6e1-4104-8c3b-09f00d1841b4] INFO  o.e.m.i.launch.MavenLaunchDelegate - Run build in "C:\Users\User\AppData\Local\Temp\m2e-archetypeGenerator4606221826656738792":
2023-07-27 10:11:33,445 [Worker-1: Launching mavenrun-e6fc2fb7-c6e1-4104-8c3b-09f00d1841b4] INFO  o.e.m.i.launch.MavenLaunchDelegate -  mvn  -DarchetypeGroupId=org.apache.maven.archetypes -DarchetypeArtifactId=maven-archetype-quickstart -DarchetypeVersion=1.4 -DgroupId=meuProjetoJSF -DartifactId=meuProjetoJSF -Dversion=0.0.1-SNAPSHOT -Dpackage=meuProjetoJSF.meuProjetoJSF -DoutputDirectory=C:\sadrack-jdev\jdev-jsp -Dstyle.color=always -U archetype:generate
2023-07-27 10:12:06,757 [Worker-16: Creating maven-archetype-quickstart] INFO  o.e.m.c.i.p.ProjectConfigurationManager - Collecting project info '/pom.xml' C:\sadrack-jdev\jdev-jsp\meuProjetoJSF\pom.xml
2023-07-27 10:12:08,805 [Worker-16: Creating maven-archetype-quickstart] INFO  o.e.m.c.i.l.LifecycleMappingFactory - Using org.eclipse.m2e.jdt.JarLifecycleMapping lifecycle mapping for MavenProject: meuProjetoJSF:meuProjetoJSF:0.0.1-SNAPSHOT @ C:\sadrack-jdev\jdev-jsp\meuProjetoJSF\pom.xml.
2023-07-27 10:12:09,922 [Worker-16: Creating maven-archetype-quickstart] INFO  o.e.m.j.i.AbstractJavaProjectConfigurator - Adding source folder /meuProjetoJSF/src/main/java
2023-07-27 10:12:09,925 [Worker-16: Creating maven-archetype-quickstart] INFO  o.e.m.j.i.AbstractJavaProjectConfigurator - Adding source folder /meuProjetoJSF/src/test/java
2023-07-27 10:12:09,987 [Worker-16: Creating maven-archetype-quickstart] INFO  o.e.m.c.i.p.ProjectConfigurationManager - Imported and configured 1 project(s) in 3 sec
2023-07-27 10:12:10,303 [Worker-16: Building] INFO  o.e.m.c.i.embedder.EclipseLogger - Using 'UTF-8' encoding to copy filtered resources.
2023-07-27 10:12:10,303 [Worker-16: Building] INFO  o.e.m.c.i.embedder.EclipseLogger - skip non existing resourceDirectory C:\sadrack-jdev\jdev-jsp\meuProjetoJSF\src\main\resources
2023-07-27 10:12:10,306 [Worker-16: Building] INFO  o.e.m.c.i.embedder.EclipseLogger - Using 'UTF-8' encoding to copy filtered resources.
2023-07-27 10:12:10,306 [Worker-16: Building] INFO  o.e.m.c.i.embedder.EclipseLogger - skip non existing resourceDirectory C:\sadrack-jdev\jdev-jsp\meuProjetoJSF\src\test\resources
2023-07-27 10:12:26,876 [Worker-23: Updating Maven Dependencies] INFO  o.e.m.c.i.l.LifecycleMappingFactory - Using org.eclipse.m2e.jdt.JarLifecycleMapping lifecycle mapping for MavenProject: meuProjetoJSF:meuProjetoJSF:0.0.1-SNAPSHOT @ C:\sadrack-jdev\jdev-jsp\meuProjetoJSF\pom.xml.
2023-07-27 10:12:31,848 [Worker-23: Building] INFO  o.e.m.c.i.embedder.EclipseLogger - Using 'UTF-8' encoding to copy filtered resources.
2023-07-27 10:12:31,849 [Worker-23: Building] INFO  o.e.m.c.i.embedder.EclipseLogger - skip non existing resourceDirectory C:\sadrack-jdev\jdev-jsp\meuPrimeiroProjetoJSF\src\main\resources
2023-07-27 10:12:31,852 [Worker-23: Building] INFO  o.e.m.c.i.embedder.EclipseLogger - Using 'UTF-8' encoding to copy filtered resources.
2023-07-27 10:12:31,853 [Worker-23: Building] INFO  o.e.m.c.i.embedder.EclipseLogger - skip non existing resourceDirectory C:\sadrack-jdev\jdev-jsp\meuPrimeiroProjetoJSF\src\test\resources
2023-07-27 10:12:32,176 [Worker-20: Building] INFO  o.e.m.c.i.embedder.EclipseLogger - Using 'UTF-8' encoding to copy filtered resources.
2023-07-27 10:12:32,177 [Worker-20: Building] INFO  o.e.m.c.i.embedder.EclipseLogger - skip non existing resourceDirectory C:\sadrack-jdev\jdev-jsp\meuProjetoJSF\src\main\resources
2023-07-27 10:12:32,179 [Worker-20: Building] INFO  o.e.m.c.i.embedder.EclipseLogger - Using 'UTF-8' encoding to copy filtered resources.
2023-07-27 10:12:32,179 [Worker-20: Building] INFO  o.e.m.c.i.embedder.EclipseLogger - skip non existing resourceDirectory C:\sadrack-jdev\jdev-jsp\meuProjetoJSF\src\test\resources
2023-07-27 10:15:00,567 [Worker-22: Building Project meuProjetoJSF] INFO  o.e.m.c.i.embedder.EclipseLogger - Using 'UTF-8' encoding to copy filtered resources.
2023-07-27 10:15:00,568 [Worker-22: Building Project meuProjetoJSF] INFO  o.e.m.c.i.embedder.EclipseLogger - skip non existing resourceDirectory C:\sadrack-jdev\jdev-jsp\meuProjetoJSF\src\main\resources
2023-07-27 10:15:00,570 [Worker-22: Building Project meuProjetoJSF] INFO  o.e.m.c.i.embedder.EclipseLogger - Using 'UTF-8' encoding to copy filtered resources.
2023-07-27 10:15:00,570 [Worker-22: Building Project meuProjetoJSF] INFO  o.e.m.c.i.embedder.EclipseLogger - skip non existing resourceDirectory C:\sadrack-jdev\jdev-jsp\meuProjetoJSF\src\test\resources
2023-07-27 10:22:51,161 [Worker-32: Building Project meuProjetoJSF] INFO  o.e.m.c.i.embedder.EclipseLogger - Using 'UTF-8' encoding to copy filtered resources.
2023-07-27 10:22:51,161 [Worker-32: Building Project meuProjetoJSF] INFO  o.e.m.c.i.embedder.EclipseLogger - skip non existing resourceDirectory C:\sadrack-jdev\jdev-jsp\meuProjetoJSF\src\main\resources
2023-07-27 10:22:51,164 [Worker-32: Building Project meuProjetoJSF] INFO  o.e.m.c.i.embedder.EclipseLogger - Using 'UTF-8' encoding to copy filtered resources.
2023-07-27 10:22:51,165 [Worker-32: Building Project meuProjetoJSF] INFO  o.e.m.c.i.embedder.EclipseLogger - skip non existing resourceDirectory C:\sadrack-jdev\jdev-jsp\meuProjetoJSF\src\test\resources
2023-07-27 10:22:57,403 [Worker-34: Building] INFO  o.e.m.c.i.embedder.EclipseLogger - Using 'UTF-8' encoding to copy filtered resources.
2023-07-27 10:22:57,404 [Worker-34: Building] INFO  o.e.m.c.i.embedder.EclipseLogger - skip non existing resourceDirectory C:\sadrack-jdev\jdev-jsp\meuProjetoJSF\src\main\resources
2023-07-27 10:22:57,407 [Worker-34: Building] INFO  o.e.m.c.i.embedder.EclipseLogger - Using 'UTF-8' encoding to copy filtered resources.
2023-07-27 10:22:57,407 [Worker-34: Building] INFO  o.e.m.c.i.embedder.EclipseLogger - skip non existing resourceDirectory C:\sadrack-jdev\jdev-jsp\meuProjetoJSF\src\test\resources
2023-07-27 10:23:36,173 [Worker-36: Building] INFO  o.e.m.c.i.embedder.EclipseLogger - Using 'UTF-8' encoding to copy filtered resources.
2023-07-27 10:23:36,173 [Worker-36: Building] INFO  o.e.m.c.i.embedder.EclipseLogger - skip non existing resourceDirectory C:\sadrack-jdev\jdev-jsp\meuProjetoJSF\src\main\resources
2023-07-27 10:23:36,176 [Worker-36: Building] INFO  o.e.m.c.i.embedder.EclipseLogger - Using 'UTF-8' encoding to copy filtered resources.
2023-07-27 10:23:36,176 [Worker-36: Building] INFO  o.e.m.c.i.embedder.EclipseLogger - skip non existing resourceDirectory C:\sadrack-jdev\jdev-jsp\meuProjetoJSF\src\test\resources
2023-07-27 10:29:37,244 [Worker-38: Building] INFO  o.e.m.c.i.l.LifecycleMappingFactory - Using org.eclipse.m2e.jdt.JarLifecycleMapping lifecycle mapping for MavenProject: meuProjetoJSF:meuProjetoJSF:0.0.1-SNAPSHOT @ C:\sadrack-jdev\jdev-jsp\meuProjetoJSF\pom.xml.
2023-07-27 10:29:37,363 [Worker-38: Building] INFO  o.e.m.c.i.embedder.EclipseLogger - Using 'UTF-8' encoding to copy filtered resources.
2023-07-27 10:29:37,363 [Worker-38: Building] INFO  o.e.m.c.i.embedder.EclipseLogger - skip non existing resourceDirectory C:\sadrack-jdev\jdev-jsp\meuProjetoJSF\src\main\resources
2023-07-27 10:29:37,366 [Worker-38: Building] INFO  o.e.m.c.i.embedder.EclipseLogger - Using 'UTF-8' encoding to copy filtered resources.
2023-07-27 10:29:37,366 [Worker-38: Building] INFO  o.e.m.c.i.embedder.EclipseLogger - skip non existing resourceDirectory C:\sadrack-jdev\jdev-jsp\meuProjetoJSF\src\test\resources
2023-07-27 10:29:38,872 [Worker-39: Download sources and javadoc] INFO  o.e.m.c.i.e.AbstractTransferListenerAdapter - Downloading http://desenv.sisdedetizadora.com.br:8081/artifactory/libs-snapshot/com/sun/faces/jsf-api/2.2.14/jsf-api-2.2.14-sources.jar
2023-07-27 10:29:39,806 [Worker-37: Building] INFO  o.e.m.c.i.embedder.EclipseLogger - Using 'UTF-8' encoding to copy filtered resources.
2023-07-27 10:29:39,807 [Worker-37: Building] INFO  o.e.m.c.i.embedder.EclipseLogger - skip non existing resourceDirectory C:\sadrack-jdev\jdev-jsp\meuProjetoJSF\src\main\resources
2023-07-27 10:29:39,808 [Worker-37: Building] INFO  o.e.m.c.i.embedder.EclipseLogger - Using 'UTF-8' encoding to copy filtered resources.
2023-07-27 10:29:39,809 [Worker-37: Building] INFO  o.e.m.c.i.embedder.EclipseLogger - skip non existing resourceDirectory C:\sadrack-jdev\jdev-jsp\meuProjetoJSF\src\test\resources
2023-07-27 10:29:41,134 [Worker-39: Download sources and javadoc] INFO  o.e.m.c.i.e.AbstractTransferListenerAdapter - Downloaded http://desenv.sisdedetizadora.com.br:8081/artifactory/libs-snapshot/com/sun/faces/jsf-api/2.2.14/jsf-api-2.2.14-sources.jar
2023-07-27 10:29:41,138 [Worker-39: Download sources and javadoc] INFO  o.e.m.j.internal.DownloadSourcesJob - Downloaded sources for com.sun.faces:jsf-api:2.2.14
2023-07-27 10:33:40,832 [Worker-38: Building] INFO  o.e.m.c.i.embedder.EclipseLogger - Using 'UTF-8' encoding to copy filtered resources.
2023-07-27 10:33:40,833 [Worker-38: Building] INFO  o.e.m.c.i.embedder.EclipseLogger - skip non existing resourceDirectory C:\sadrack-jdev\jdev-jsp\meuProjetoJSF\src\main\resources
2023-07-27 10:33:40,834 [Worker-38: Building] INFO  o.e.m.c.i.embedder.EclipseLogger - Using 'UTF-8' encoding to copy filtered resources.
2023-07-27 10:33:40,835 [Worker-38: Building] INFO  o.e.m.c.i.embedder.EclipseLogger - skip non existing resourceDirectory C:\sadrack-jdev\jdev-jsp\meuProjetoJSF\src\test\resources
2023-07-27 10:34:45,672 [Worker-44: Updating Maven Project] INFO  o.e.m.c.i.p.ProjectConfigurationManager - Update started
2023-07-27 10:34:45,874 [Worker-44: Updating Maven Project] INFO  o.e.m.c.i.l.LifecycleMappingFactory - Using org.eclipse.m2e.jdt.JarLifecycleMapping lifecycle mapping for MavenProject: meuProjetoJSF:meuProjetoJSF:0.0.1-SNAPSHOT @ C:\sadrack-jdev\jdev-jsp\meuProjetoJSF\pom.xml.
2023-07-27 10:34:45,975 [Worker-44: Updating Maven Project] INFO  o.e.m.j.i.AbstractJavaProjectConfigurator - Adding source folder /meuProjetoJSF/src/main/java
2023-07-27 10:34:45,976 [Worker-44: Updating Maven Project] INFO  o.e.m.j.i.AbstractJavaProjectConfigurator - Adding source folder /meuProjetoJSF/src/test/java
2023-07-27 10:34:46,109 [Worker-44: Updating Maven Project] INFO  o.e.m.c.i.p.ProjectConfigurationManager - Update completed for 1 poms: local refresh takes 0,00 sec, refresh facades takes 0,00 sec, update config takes 0,00 sec 
2023-07-27 10:34:46,592 [Worker-45: Building] INFO  o.e.m.c.i.embedder.EclipseLogger - Using 'UTF-8' encoding to copy filtered resources.
2023-07-27 10:34:46,592 [Worker-45: Building] INFO  o.e.m.c.i.embedder.EclipseLogger - skip non existing resourceDirectory C:\sadrack-jdev\jdev-jsp\meuProjetoJSF\src\main\resources
2023-07-27 10:34:46,595 [Worker-45: Building] INFO  o.e.m.c.i.embedder.EclipseLogger - Using 'UTF-8' encoding to copy filtered resources.
2023-07-27 10:34:46,595 [Worker-45: Building] INFO  o.e.m.c.i.embedder.EclipseLogger - skip non existing resourceDirectory C:\sadrack-jdev\jdev-jsp\meuProjetoJSF\src\test\resources
2023-07-27 10:35:44,911 [Worker-45: Building] INFO  o.e.m.c.i.embedder.EclipseLogger - Using 'UTF-8' encoding to copy filtered resources.
2023-07-27 10:35:44,911 [Worker-45: Building] INFO  o.e.m.c.i.embedder.EclipseLogger - skip non existing resourceDirectory C:\sadrack-jdev\jdev-jsp\meuProjetoJSF\src\main\resources
2023-07-27 10:35:44,912 [Worker-45: Building] INFO  o.e.m.c.i.embedder.EclipseLogger - Using 'UTF-8' encoding to copy filtered resources.
2023-07-27 10:35:44,913 [Worker-45: Building] INFO  o.e.m.c.i.embedder.EclipseLogger - skip non existing resourceDirectory C:\sadrack-jdev\jdev-jsp\meuProjetoJSF\src\test\resources
2023-07-27 10:38:44,142 [Worker-39: Building] INFO  o.e.m.c.i.l.LifecycleMappingFactory - Using org.eclipse.m2e.jdt.JarLifecycleMapping lifecycle mapping for MavenProject: meuProjetoJSF:meuProjetoJSF:0.0.1-SNAPSHOT @ C:\sadrack-jdev\jdev-jsp\meuProjetoJSF\pom.xml.
2023-07-27 10:38:44,239 [Worker-39: Building] INFO  o.e.m.c.i.embedder.EclipseLogger - Using 'UTF-8' encoding to copy filtered resources.
2023-07-27 10:38:44,240 [Worker-39: Building] INFO  o.e.m.c.i.embedder.EclipseLogger - skip non existing resourceDirectory C:\sadrack-jdev\jdev-jsp\meuProjetoJSF\src\main\resources
2023-07-27 10:38:44,242 [Worker-39: Building] INFO  o.e.m.c.i.embedder.EclipseLogger - Using 'UTF-8' encoding to copy filtered resources.
2023-07-27 10:38:44,242 [Worker-39: Building] INFO  o.e.m.c.i.embedder.EclipseLogger - skip non existing resourceDirectory C:\sadrack-jdev\jdev-jsp\meuProjetoJSF\src\test\resources
2023-07-27 10:38:45,749 [Worker-49: Download sources and javadoc] INFO  o.e.m.c.i.e.AbstractTransferListenerAdapter - Downloading http://desenv.sisdedetizadora.com.br:8081/artifactory/libs-snapshot/com/sun/faces/jsf-impl/2.2.14/jsf-impl-2.2.14-sources.jar
2023-07-27 10:38:48,476 [Worker-49: Download sources and javadoc] INFO  o.e.m.c.i.e.AbstractTransferListenerAdapter - Downloaded http://desenv.sisdedetizadora.com.br:8081/artifactory/libs-snapshot/com/sun/faces/jsf-impl/2.2.14/jsf-impl-2.2.14-sources.jar
2023-07-27 10:38:48,478 [Worker-49: Download sources and javadoc] INFO  o.e.m.j.internal.DownloadSourcesJob - Downloaded sources for com.sun.faces:jsf-impl:2.2.14
2023-07-27 10:39:09,059 [Worker-39: Building] INFO  o.e.m.c.i.embedder.EclipseLogger - Using 'UTF-8' encoding to copy filtered resources.
2023-07-27 10:39:09,060 [Worker-39: Building] INFO  o.e.m.c.i.embedder.EclipseLogger - skip non existing resourceDirectory C:\sadrack-jdev\jdev-jsp\meuProjetoJSF\src\main\resources
2023-07-27 10:39:09,062 [Worker-39: Building] INFO  o.e.m.c.i.embedder.EclipseLogger - Using 'UTF-8' encoding to copy filtered resources.
2023-07-27 10:39:09,063 [Worker-39: Building] INFO  o.e.m.c.i.embedder.EclipseLogger - skip non existing resourceDirectory C:\sadrack-jdev\jdev-jsp\meuProjetoJSF\src\test\resources
2023-07-27 10:44:31,197 [Worker-44: Building] INFO  o.e.m.c.i.embedder.EclipseLogger - Using 'UTF-8' encoding to copy filtered resources.
2023-07-27 10:44:31,197 [Worker-44: Building] INFO  o.e.m.c.i.embedder.EclipseLogger - skip non existing resourceDirectory C:\sadrack-jdev\jdev-jsp\meuProjetoJSF\src\main\resources
2023-07-27 10:44:31,198 [Worker-44: Building] INFO  o.e.m.c.i.embedder.EclipseLogger - Using 'UTF-8' encoding to copy filtered resources.
2023-07-27 10:44:31,199 [Worker-44: Building] INFO  o.e.m.c.i.embedder.EclipseLogger - skip non existing resourceDirectory C:\sadrack-jdev\jdev-jsp\meuProjetoJSF\src\test\resources
2023-07-27 10:46:34,006 [Worker-51: Building] INFO  o.e.m.c.i.embedder.EclipseLogger - Using 'UTF-8' encoding to copy filtered resources.
2023-07-27 10:46:34,006 [Worker-51: Building] INFO  o.e.m.c.i.embedder.EclipseLogger - skip non existing resourceDirectory C:\sadrack-jdev\jdev-jsp\meuProjetoJSF\src\main\resources
2023-07-27 10:46:34,007 [Worker-51: Building] INFO  o.e.m.c.i.embedder.EclipseLogger - Using 'UTF-8' encoding to copy filtered resources.
2023-07-27 10:46:34,007 [Worker-51: Building] INFO  o.e.m.c.i.embedder.EclipseLogger - skip non existing resourceDirectory C:\sadrack-jdev\jdev-jsp\meuProjetoJSF\src\test\resources
2023-07-27 10:46:42,013 [Worker-49: Building] INFO  o.e.m.c.i.embedder.EclipseLogger - Using 'UTF-8' encoding to copy filtered resources.
2023-07-27 10:46:42,014 [Worker-49: Building] INFO  o.e.m.c.i.embedder.EclipseLogger - skip non existing resourceDirectory C:\sadrack-jdev\jdev-jsp\meuProjetoJSF\src\main\resources
2023-07-27 10:46:42,019 [Worker-49: Building] INFO  o.e.m.c.i.embedder.EclipseLogger - Using 'UTF-8' encoding to copy filtered resources.
2023-07-27 10:46:42,020 [Worker-49: Building] INFO  o.e.m.c.i.embedder.EclipseLogger - skip non existing resourceDirectory C:\sadrack-jdev\jdev-jsp\meuProjetoJSF\src\test\resources
2023-07-27 10:47:12,875 [Worker-52: Building] INFO  o.e.m.c.i.embedder.EclipseLogger - Using 'UTF-8' encoding to copy filtered resources.
2023-07-27 10:47:12,875 [Worker-52: Building] INFO  o.e.m.c.i.embedder.EclipseLogger - skip non existing resourceDirectory C:\sadrack-jdev\jdev-jsp\meuProjetoJSF\src\main\resources
2023-07-27 10:47:12,877 [Worker-52: Building] INFO  o.e.m.c.i.embedder.EclipseLogger - Using 'UTF-8' encoding to copy filtered resources.
2023-07-27 10:47:12,877 [Worker-52: Building] INFO  o.e.m.c.i.embedder.EclipseLogger - skip non existing resourceDirectory C:\sadrack-jdev\jdev-jsp\meuProjetoJSF\src\test\resources
2023-07-27 10:53:15,773 [Worker-49: Building] INFO  o.e.m.c.i.embedder.EclipseLogger - Using 'UTF-8' encoding to copy filtered resources.
2023-07-27 10:53:15,774 [Worker-49: Building] INFO  o.e.m.c.i.embedder.EclipseLogger - skip non existing resourceDirectory C:\sadrack-jdev\jdev-jsp\meuProjetoJSF\src\main\resources
2023-07-27 10:53:15,775 [Worker-49: Building] INFO  o.e.m.c.i.embedder.EclipseLogger - Using 'UTF-8' encoding to copy filtered resources.
2023-07-27 10:53:15,775 [Worker-49: Building] INFO  o.e.m.c.i.embedder.EclipseLogger - skip non existing resourceDirectory C:\sadrack-jdev\jdev-jsp\meuProjetoJSF\src\test\resources
2023-07-27 10:53:23,730 [Worker-56: Building] INFO  o.e.m.c.i.embedder.EclipseLogger - Using 'UTF-8' encoding to copy filtered resources.
2023-07-27 10:53:23,730 [Worker-56: Building] INFO  o.e.m.c.i.embedder.EclipseLogger - skip non existing resourceDirectory C:\sadrack-jdev\jdev-jsp\meuProjetoJSF\src\main\resources
2023-07-27 10:53:23,732 [Worker-56: Building] INFO  o.e.m.c.i.embedder.EclipseLogger - Using 'UTF-8' encoding to copy filtered resources.
2023-07-27 10:53:23,732 [Worker-56: Building] INFO  o.e.m.c.i.embedder.EclipseLogger - skip non existing resourceDirectory C:\sadrack-jdev\jdev-jsp\meuProjetoJSF\src\test\resources
2023-07-27 10:53:29,273 [Worker-54: Building] INFO  o.e.m.c.i.embedder.EclipseLogger - Using 'UTF-8' encoding to copy filtered resources.
2023-07-27 10:53:29,273 [Worker-54: Building] INFO  o.e.m.c.i.embedder.EclipseLogger - skip non existing resourceDirectory C:\sadrack-jdev\jdev-jsp\meuProjetoJSF\src\main\resources
2023-07-27 10:53:29,275 [Worker-54: Building] INFO  o.e.m.c.i.embedder.EclipseLogger - Using 'UTF-8' encoding to copy filtered resources.
2023-07-27 10:53:29,275 [Worker-54: Building] INFO  o.e.m.c.i.embedder.EclipseLogger - skip non existing resourceDirectory C:\sadrack-jdev\jdev-jsp\meuProjetoJSF\src\test\resources
2023-07-27 11:06:45,673 [Worker-62: Building] INFO  o.e.m.c.i.embedder.EclipseLogger - Using 'UTF-8' encoding to copy filtered resources.
2023-07-27 11:06:45,673 [Worker-62: Building] INFO  o.e.m.c.i.embedder.EclipseLogger - skip non existing resourceDirectory C:\sadrack-jdev\jdev-jsp\meuProjetoJSF\src\main\resources
2023-07-27 11:06:45,676 [Worker-62: Building] INFO  o.e.m.c.i.embedder.EclipseLogger - Using 'UTF-8' encoding to copy filtered resources.
2023-07-27 11:06:45,676 [Worker-62: Building] INFO  o.e.m.c.i.embedder.EclipseLogger - skip non existing resourceDirectory C:\sadrack-jdev\jdev-jsp\meuProjetoJSF\src\test\resources
2023-07-27 11:08:05,505 [Worker-61: Building] INFO  o.e.m.c.i.embedder.EclipseLogger - Using 'UTF-8' encoding to copy filtered resources.
2023-07-27 11:08:05,505 [Worker-61: Building] INFO  o.e.m.c.i.embedder.EclipseLogger - skip non existing resourceDirectory C:\sadrack-jdev\jdev-jsp\meuProjetoJSF\src\main\resources
2023-07-27 11:08:05,506 [Worker-61: Building] INFO  o.e.m.c.i.embedder.EclipseLogger - Using 'UTF-8' encoding to copy filtered resources.
2023-07-27 11:08:05,506 [Worker-61: Building] INFO  o.e.m.c.i.embedder.EclipseLogger - skip non existing resourceDirectory C:\sadrack-jdev\jdev-jsp\meuProjetoJSF\src\test\resources
2023-07-27 11:08:42,657 [Worker-62: Building] INFO  o.e.m.c.i.embedder.EclipseLogger - Using 'UTF-8' encoding to copy filtered resources.
2023-07-27 11:08:42,658 [Worker-62: Building] INFO  o.e.m.c.i.embedder.EclipseLogger - skip non existing resourceDirectory C:\sadrack-jdev\jdev-jsp\meuProjetoJSF\src\main\resources
2023-07-27 11:08:42,661 [Worker-62: Building] INFO  o.e.m.c.i.embedder.EclipseLogger - Using 'UTF-8' encoding to copy filtered resources.
2023-07-27 11:08:42,661 [Worker-62: Building] INFO  o.e.m.c.i.embedder.EclipseLogger - skip non existing resourceDirectory C:\sadrack-jdev\jdev-jsp\meuProjetoJSF\src\test\resources
2023-07-27 11:16:42,959 [Worker-61: Building] INFO  o.e.m.c.i.embedder.EclipseLogger - Using 'UTF-8' encoding to copy filtered resources.
2023-07-27 11:16:42,960 [Worker-61: Building] INFO  o.e.m.c.i.embedder.EclipseLogger - skip non existing resourceDirectory C:\sadrack-jdev\jdev-jsp\meuProjetoJSF\src\main\resources
2023-07-27 11:16:42,964 [Worker-61: Building] INFO  o.e.m.c.i.embedder.EclipseLogger - Using 'UTF-8' encoding to copy filtered resources.
2023-07-27 11:16:42,964 [Worker-61: Building] INFO  o.e.m.c.i.embedder.EclipseLogger - skip non existing resourceDirectory C:\sadrack-jdev\jdev-jsp\meuProjetoJSF\src\test\resources
2023-07-27 11:26:16,896 [Worker-72: Building] INFO  o.e.m.c.i.embedder.EclipseLogger - Using 'UTF-8' encoding to copy filtered resources.
2023-07-27 11:26:16,897 [Worker-72: Building] INFO  o.e.m.c.i.embedder.EclipseLogger - skip non existing resourceDirectory C:\sadrack-jdev\jdev-jsp\meuProjetoJSF\src\main\resources
2023-07-27 11:26:16,899 [Worker-72: Building] INFO  o.e.m.c.i.embedder.EclipseLogger - Using 'UTF-8' encoding to copy filtered resources.
2023-07-27 11:26:16,899 [Worker-72: Building] INFO  o.e.m.c.i.embedder.EclipseLogger - skip non existing resourceDirectory C:\sadrack-jdev\jdev-jsp\meuProjetoJSF\src\test\resources
2023-07-27 11:40:56,348 [Worker-83: Building] INFO  o.e.m.c.i.embedder.EclipseLogger - Using 'UTF-8' encoding to copy filtered resources.
2023-07-27 11:40:56,348 [Worker-83: Building] INFO  o.e.m.c.i.embedder.EclipseLogger - skip non existing resourceDirectory C:\sadrack-jdev\jdev-jsp\meuProjetoJSF\src\main\resources
2023-07-27 11:40:56,349 [Worker-83: Building] INFO  o.e.m.c.i.embedder.EclipseLogger - Using 'UTF-8' encoding to copy filtered resources.
2023-07-27 11:40:56,349 [Worker-83: Building] INFO  o.e.m.c.i.embedder.EclipseLogger - skip non existing resourceDirectory C:\sadrack-jdev\jdev-jsp\meuProjetoJSF\src\test\resources
2023-07-27 11:41:16,534 [Worker-84: Building] INFO  o.e.m.c.i.embedder.EclipseLogger - Using 'UTF-8' encoding to copy filtered resources.
2023-07-27 11:41:16,534 [Worker-84: Building] INFO  o.e.m.c.i.embedder.EclipseLogger - skip non existing resourceDirectory C:\sadrack-jdev\jdev-jsp\meuProjetoJSF\src\main\resources
2023-07-27 11:41:16,535 [Worker-84: Building] INFO  o.e.m.c.i.embedder.EclipseLogger - Using 'UTF-8' encoding to copy filtered resources.
2023-07-27 11:41:16,536 [Worker-84: Building] INFO  o.e.m.c.i.embedder.EclipseLogger - skip non existing resourceDirectory C:\sadrack-jdev\jdev-jsp\meuProjetoJSF\src\test\resources
2023-07-27 11:41:42,603 [Worker-83: Building] INFO  o.e.m.c.i.embedder.EclipseLogger - Using 'UTF-8' encoding to copy filtered resources.
2023-07-27 11:41:42,603 [Worker-83: Building] INFO  o.e.m.c.i.embedder.EclipseLogger - skip non existing resourceDirectory C:\sadrack-jdev\jdev-jsp\meuProjetoJSF\src\main\resources
2023-07-27 11:41:42,607 [Worker-83: Building] INFO  o.e.m.c.i.embedder.EclipseLogger - Using 'UTF-8' encoding to copy filtered resources.
2023-07-27 11:41:42,607 [Worker-83: Building] INFO  o.e.m.c.i.embedder.EclipseLogger - skip non existing resourceDirectory C:\sadrack-jdev\jdev-jsp\meuProjetoJSF\src\test\resources
2023-07-27 11:42:03,937 [Worker-86: Building] INFO  o.e.m.c.i.embedder.EclipseLogger - Using 'UTF-8' encoding to copy filtered resources.
2023-07-27 11:42:03,938 [Worker-86: Building] INFO  o.e.m.c.i.embedder.EclipseLogger - skip non existing resourceDirectory C:\sadrack-jdev\jdev-jsp\meuProjetoJSF\src\main\resources
2023-07-27 11:42:03,939 [Worker-86: Building] INFO  o.e.m.c.i.embedder.EclipseLogger - Using 'UTF-8' encoding to copy filtered resources.
2023-07-27 11:42:03,939 [Worker-86: Building] INFO  o.e.m.c.i.embedder.EclipseLogger - skip non existing resourceDirectory C:\sadrack-jdev\jdev-jsp\meuProjetoJSF\src\test\resources
2023-07-27 11:56:17,711 [Worker-87: Building] INFO  o.e.m.c.i.embedder.EclipseLogger - Using 'UTF-8' encoding to copy filtered resources.
2023-07-27 11:56:17,711 [Worker-87: Building] INFO  o.e.m.c.i.embedder.EclipseLogger - skip non existing resourceDirectory C:\sadrack-jdev\jdev-jsp\meuProjetoJSF\src\main\resources
2023-07-27 11:56:17,715 [Worker-87: Building] INFO  o.e.m.c.i.embedder.EclipseLogger - Using 'UTF-8' encoding to copy filtered resources.
2023-07-27 11:56:17,715 [Worker-87: Building] INFO  o.e.m.c.i.embedder.EclipseLogger - skip non existing resourceDirectory C:\sadrack-jdev\jdev-jsp\meuProjetoJSF\src\test\resources
2023-07-27 12:00:51,043 [Worker-101: Building] INFO  o.e.m.c.i.l.LifecycleMappingFactory - Using org.eclipse.m2e.jdt.JarLifecycleMapping lifecycle mapping for MavenProject: meuProjetoJSF:meuProjetoJSF:0.0.1-SNAPSHOT @ C:\sadrack-jdev\jdev-jsp\meuprojetojsf\pom.xml.
2023-07-27 12:00:51,281 [Worker-101: Building] INFO  o.e.m.c.i.embedder.EclipseLogger - Using 'UTF-8' encoding to copy filtered resources.
2023-07-27 12:00:51,282 [Worker-101: Building] INFO  o.e.m.c.i.embedder.EclipseLogger - skip non existing resourceDirectory C:\sadrack-jdev\jdev-jsp\meuprojetojsf\src\main\resources
2023-07-27 12:00:51,284 [Worker-101: Building] INFO  o.e.m.c.i.embedder.EclipseLogger - Using 'UTF-8' encoding to copy filtered resources.
2023-07-27 12:00:51,284 [Worker-101: Building] INFO  o.e.m.c.i.embedder.EclipseLogger - skip non existing resourceDirectory C:\sadrack-jdev\jdev-jsp\meuprojetojsf\src\test\resources
2023-07-27 12:03:06,966 [Worker-100: Building] INFO  o.e.m.c.i.embedder.EclipseLogger - Using 'UTF-8' encoding to copy filtered resources.
2023-07-27 12:03:06,967 [Worker-100: Building] INFO  o.e.m.c.i.embedder.EclipseLogger - skip non existing resourceDirectory C:\sadrack-jdev\jdev-jsp\meuprojetojsf\src\main\resources
2023-07-27 12:03:06,970 [Worker-100: Building] INFO  o.e.m.c.i.embedder.EclipseLogger - Using 'UTF-8' encoding to copy filtered resources.
2023-07-27 12:03:06,970 [Worker-100: Building] INFO  o.e.m.c.i.embedder.EclipseLogger - skip non existing resourceDirectory C:\sadrack-jdev\jdev-jsp\meuprojetojsf\src\test\resources
2023-07-27 12:03:39,380 [Worker-94: Building] INFO  o.e.m.c.i.embedder.EclipseLogger - Using 'UTF-8' encoding to copy filtered resources.
2023-07-27 12:03:39,381 [Worker-94: Building] INFO  o.e.m.c.i.embedder.EclipseLogger - skip non existing resourceDirectory C:\sadrack-jdev\jdev-jsp\meuprojetojsf\src\main\resources
2023-07-27 12:03:39,383 [Worker-94: Building] INFO  o.e.m.c.i.embedder.EclipseLogger - Using 'UTF-8' encoding to copy filtered resources.
2023-07-27 12:03:39,384 [Worker-94: Building] INFO  o.e.m.c.i.embedder.EclipseLogger - skip non existing resourceDirectory C:\sadrack-jdev\jdev-jsp\meuprojetojsf\src\test\resources
2023-07-27 12:29:13,213 [Worker-112: Building] INFO  o.e.m.c.i.embedder.EclipseLogger - Using 'UTF-8' encoding to copy filtered resources.
2023-07-27 12:29:13,213 [Worker-112: Building] INFO  o.e.m.c.i.embedder.EclipseLogger - skip non existing resourceDirectory C:\sadrack-jdev\jdev-jsp\meuprojetojsf\src\main\resources
2023-07-27 12:29:13,215 [Worker-112: Building] INFO  o.e.m.c.i.embedder.EclipseLogger - Using 'UTF-8' encoding to copy filtered resources.
2023-07-27 12:29:13,215 [Worker-112: Building] INFO  o.e.m.c.i.embedder.EclipseLogger - skip non existing resourceDirectory C:\sadrack-jdev\jdev-jsp\meuprojetojsf\src\test\resources
2023-07-27 12:30:51,000 [Worker-112: Building] INFO  o.e.m.c.i.embedder.EclipseLogger - Using 'UTF-8' encoding to copy filtered resources.
2023-07-27 12:30:51,000 [Worker-112: Building] INFO  o.e.m.c.i.embedder.EclipseLogger - skip non existing resourceDirectory C:\sadrack-jdev\jdev-jsp\meuprojetojsf\src\main\resources
2023-07-27 12:30:51,001 [Worker-112: Building] INFO  o.e.m.c.i.embedder.EclipseLogger - Using 'UTF-8' encoding to copy filtered resources.
2023-07-27 12:30:51,001 [Worker-112: Building] INFO  o.e.m.c.i.embedder.EclipseLogger - skip non existing resourceDirectory C:\sadrack-jdev\jdev-jsp\meuprojetojsf\src\test\resources
2023-07-27 12:32:12,033 [Worker-117: Building] INFO  o.e.m.c.i.embedder.EclipseLogger - Using 'UTF-8' encoding to copy filtered resources.
2023-07-27 12:32:12,033 [Worker-117: Building] INFO  o.e.m.c.i.embedder.EclipseLogger - skip non existing resourceDirectory C:\sadrack-jdev\jdev-jsp\meuprojetojsf\src\main\resources
2023-07-27 12:32:12,035 [Worker-117: Building] INFO  o.e.m.c.i.embedder.EclipseLogger - Using 'UTF-8' encoding to copy filtered resources.
2023-07-27 12:32:12,035 [Worker-117: Building] INFO  o.e.m.c.i.embedder.EclipseLogger - skip non existing resourceDirectory C:\sadrack-jdev\jdev-jsp\meuprojetojsf\src\test\resources
2023-07-27 12:33:40,559 [Worker-112: Building] INFO  o.e.m.c.i.embedder.EclipseLogger - Using 'UTF-8' encoding to copy filtered resources.
2023-07-27 12:33:40,559 [Worker-112: Building] INFO  o.e.m.c.i.embedder.EclipseLogger - skip non existing resourceDirectory C:\sadrack-jdev\jdev-jsp\meuprojetojsf\src\main\resources
2023-07-27 12:33:40,560 [Worker-112: Building] INFO  o.e.m.c.i.embedder.EclipseLogger - Using 'UTF-8' encoding to copy filtered resources.
2023-07-27 12:33:40,560 [Worker-112: Building] INFO  o.e.m.c.i.embedder.EclipseLogger - skip non existing resourceDirectory C:\sadrack-jdev\jdev-jsp\meuprojetojsf\src\test\resources
2023-07-27 12:34:24,791 [Worker-118: Building] INFO  o.e.m.c.i.embedder.EclipseLogger - Using 'UTF-8' encoding to copy filtered resources.
2023-07-27 12:34:24,792 [Worker-118: Building] INFO  o.e.m.c.i.embedder.EclipseLogger - skip non existing resourceDirectory C:\sadrack-jdev\jdev-jsp\meuprojetojsf\src\main\resources
2023-07-27 12:34:24,793 [Worker-118: Building] INFO  o.e.m.c.i.embedder.EclipseLogger - Using 'UTF-8' encoding to copy filtered resources.
2023-07-27 12:34:24,793 [Worker-118: Building] INFO  o.e.m.c.i.embedder.EclipseLogger - skip non existing resourceDirectory C:\sadrack-jdev\jdev-jsp\meuprojetojsf\src\test\resources
2023-07-27 12:36:18,798 [Worker-112: Building] INFO  o.e.m.c.i.embedder.EclipseLogger - Using 'UTF-8' encoding to copy filtered resources.
2023-07-27 12:36:18,798 [Worker-112: Building] INFO  o.e.m.c.i.embedder.EclipseLogger - skip non existing resourceDirectory C:\sadrack-jdev\jdev-jsp\meuprojetojsf\src\main\resources
2023-07-27 12:36:18,800 [Worker-112: Building] INFO  o.e.m.c.i.embedder.EclipseLogger - Using 'UTF-8' encoding to copy filtered resources.
2023-07-27 12:36:18,800 [Worker-112: Building] INFO  o.e.m.c.i.embedder.EclipseLogger - skip non existing resourceDirectory C:\sadrack-jdev\jdev-jsp\meuprojetojsf\src\test\resources
2023-07-27 12:39:27,261 [Worker-120: Building] INFO  o.e.m.c.i.embedder.EclipseLogger - Using 'UTF-8' encoding to copy filtered resources.
2023-07-27 12:39:27,262 [Worker-120: Building] INFO  o.e.m.c.i.embedder.EclipseLogger - skip non existing resourceDirectory C:\sadrack-jdev\jdev-jsp\meuprojetojsf\src\main\resources
2023-07-27 12:39:27,264 [Worker-120: Building] INFO  o.e.m.c.i.embedder.EclipseLogger - Using 'UTF-8' encoding to copy filtered resources.
2023-07-27 12:39:27,265 [Worker-120: Building] INFO  o.e.m.c.i.embedder.EclipseLogger - skip non existing resourceDirectory C:\sadrack-jdev\jdev-jsp\meuprojetojsf\src\test\resources
2023-07-27 12:39:41,305 [Worker-126: Building] INFO  o.e.m.c.i.embedder.EclipseLogger - Using 'UTF-8' encoding to copy filtered resources.
2023-07-27 12:39:41,305 [Worker-126: Building] INFO  o.e.m.c.i.embedder.EclipseLogger - skip non existing resourceDirectory C:\sadrack-jdev\jdev-jsp\meuprojetojsf\src\main\resources
2023-07-27 12:39:41,307 [Worker-126: Building] INFO  o.e.m.c.i.embedder.EclipseLogger - Using 'UTF-8' encoding to copy filtered resources.
2023-07-27 12:39:41,308 [Worker-126: Building] INFO  o.e.m.c.i.embedder.EclipseLogger - skip non existing resourceDirectory C:\sadrack-jdev\jdev-jsp\meuprojetojsf\src\test\resources
2023-07-27 12:45:38,719 [Worker-128: Building] INFO  o.e.m.c.i.embedder.EclipseLogger - Using 'UTF-8' encoding to copy filtered resources.
2023-07-27 12:45:38,719 [Worker-128: Building] INFO  o.e.m.c.i.embedder.EclipseLogger - skip non existing resourceDirectory C:\sadrack-jdev\jdev-jsp\meuprojetojsf\src\main\resources
2023-07-27 12:45:38,721 [Worker-128: Building] INFO  o.e.m.c.i.embedder.EclipseLogger - Using 'UTF-8' encoding to copy filtered resources.
2023-07-27 12:45:38,721 [Worker-128: Building] INFO  o.e.m.c.i.embedder.EclipseLogger - skip non existing resourceDirectory C:\sadrack-jdev\jdev-jsp\meuprojetojsf\src\test\resources
2023-07-27 12:45:40,684 [Worker-128: Building] INFO  o.e.m.c.i.embedder.EclipseLogger - Using 'UTF-8' encoding to copy filtered resources.
2023-07-27 12:45:40,684 [Worker-128: Building] INFO  o.e.m.c.i.embedder.EclipseLogger - skip non existing resourceDirectory C:\sadrack-jdev\jdev-jsp\meuprojetojsf\src\main\resources
2023-07-27 12:45:40,685 [Worker-128: Building] INFO  o.e.m.c.i.embedder.EclipseLogger - Using 'UTF-8' encoding to copy filtered resources.
2023-07-27 12:45:40,685 [Worker-128: Building] INFO  o.e.m.c.i.embedder.EclipseLogger - skip non existing resourceDirectory C:\sadrack-jdev\jdev-jsp\meuprojetojsf\src\test\resources
2023-07-27 12:51:52,260 [Worker-120: Building] INFO  o.e.m.c.i.embedder.EclipseLogger - Using 'UTF-8' encoding to copy filtered resources.
2023-07-27 12:51:52,260 [Worker-120: Building] INFO  o.e.m.c.i.embedder.EclipseLogger - skip non existing resourceDirectory C:\sadrack-jdev\jdev-jsp\meuprojetojsf\src\main\resources
2023-07-27 12:51:52,261 [Worker-120: Building] INFO  o.e.m.c.i.embedder.EclipseLogger - Using 'UTF-8' encoding to copy filtered resources.
2023-07-27 12:51:52,261 [Worker-120: Building] INFO  o.e.m.c.i.embedder.EclipseLogger - skip non existing resourceDirectory C:\sadrack-jdev\jdev-jsp\meuprojetojsf\src\test\resources
2023-07-27 12:53:02,037 [Worker-132: Building] INFO  o.e.m.c.i.embedder.EclipseLogger - Using 'UTF-8' encoding to copy filtered resources.
2023-07-27 12:53:02,037 [Worker-132: Building] INFO  o.e.m.c.i.embedder.EclipseLogger - skip non existing resourceDirectory C:\sadrack-jdev\jdev-jsp\meuprojetojsf\src\main\resources
2023-07-27 12:53:02,038 [Worker-132: Building] INFO  o.e.m.c.i.embedder.EclipseLogger - Using 'UTF-8' encoding to copy filtered resources.
2023-07-27 12:53:02,039 [Worker-132: Building] INFO  o.e.m.c.i.embedder.EclipseLogger - skip non existing resourceDirectory C:\sadrack-jdev\jdev-jsp\meuprojetojsf\src\test\resources
2023-07-27 12:59:23,334 [Worker-133: Building] INFO  o.e.m.c.i.embedder.EclipseLogger - Using 'UTF-8' encoding to copy filtered resources.
2023-07-27 12:59:23,335 [Worker-133: Building] INFO  o.e.m.c.i.embedder.EclipseLogger - skip non existing resourceDirectory C:\sadrack-jdev\jdev-jsp\meuprojetojsf\src\main\resources
2023-07-27 12:59:23,337 [Worker-133: Building] INFO  o.e.m.c.i.embedder.EclipseLogger - Using 'UTF-8' encoding to copy filtered resources.
2023-07-27 12:59:23,337 [Worker-133: Building] INFO  o.e.m.c.i.embedder.EclipseLogger - skip non existing resourceDirectory C:\sadrack-jdev\jdev-jsp\meuprojetojsf\src\test\resources
2023-07-27 13:00:19,377 [Worker-131: Building] INFO  o.e.m.c.i.embedder.EclipseLogger - Using 'UTF-8' encoding to copy filtered resources.
2023-07-27 13:00:19,377 [Worker-131: Building] INFO  o.e.m.c.i.embedder.EclipseLogger - skip non existing resourceDirectory C:\sadrack-jdev\jdev-jsp\meuprojetojsf\src\main\resources
2023-07-27 13:00:19,378 [Worker-131: Building] INFO  o.e.m.c.i.embedder.EclipseLogger - Using 'UTF-8' encoding to copy filtered resources.
2023-07-27 13:00:19,378 [Worker-131: Building] INFO  o.e.m.c.i.embedder.EclipseLogger - skip non existing resourceDirectory C:\sadrack-jdev\jdev-jsp\meuprojetojsf\src\test\resources
2023-07-27 13:01:51,226 [Worker-131: Building] INFO  o.e.m.c.i.embedder.EclipseLogger - Using 'UTF-8' encoding to copy filtered resources.
2023-07-27 13:01:51,226 [Worker-131: Building] INFO  o.e.m.c.i.embedder.EclipseLogger - skip non existing resourceDirectory C:\sadrack-jdev\jdev-jsp\meuprojetojsf\src\main\resources
2023-07-27 13:01:51,228 [Worker-131: Building] INFO  o.e.m.c.i.embedder.EclipseLogger - Using 'UTF-8' encoding to copy filtered resources.
2023-07-27 13:01:51,228 [Worker-131: Building] INFO  o.e.m.c.i.embedder.EclipseLogger - skip non existing resourceDirectory C:\sadrack-jdev\jdev-jsp\meuprojetojsf\src\test\resources
2023-07-27 13:02:24,942 [Worker-137: Building] INFO  o.e.m.c.i.embedder.EclipseLogger - Using 'UTF-8' encoding to copy filtered resources.
2023-07-27 13:02:24,942 [Worker-137: Building] INFO  o.e.m.c.i.embedder.EclipseLogger - skip non existing resourceDirectory C:\sadrack-jdev\jdev-jsp\meuprojetojsf\src\main\resources
2023-07-27 13:02:24,944 [Worker-137: Building] INFO  o.e.m.c.i.embedder.EclipseLogger - Using 'UTF-8' encoding to copy filtered resources.
2023-07-27 13:02:24,944 [Worker-137: Building] INFO  o.e.m.c.i.embedder.EclipseLogger - skip non existing resourceDirectory C:\sadrack-jdev\jdev-jsp\meuprojetojsf\src\test\resources
2023-07-27 13:31:04,158 [Worker-135: Building] INFO  o.e.m.c.i.embedder.EclipseLogger - Using 'UTF-8' encoding to copy filtered resources.
2023-07-27 13:31:04,159 [Worker-135: Building] INFO  o.e.m.c.i.embedder.EclipseLogger - skip non existing resourceDirectory C:\sadrack-jdev\jdev-jsp\meuprojetojsf\src\main\resources
2023-07-27 13:31:04,161 [Worker-135: Building] INFO  o.e.m.c.i.embedder.EclipseLogger - Using 'UTF-8' encoding to copy filtered resources.
2023-07-27 13:31:04,161 [Worker-135: Building] INFO  o.e.m.c.i.embedder.EclipseLogger - skip non existing resourceDirectory C:\sadrack-jdev\jdev-jsp\meuprojetojsf\src\test\resources
2023-07-27 13:35:57,814 [Worker-147: Building] INFO  o.e.m.c.i.embedder.EclipseLogger - Using 'UTF-8' encoding to copy filtered resources.
2023-07-27 13:35:57,814 [Worker-147: Building] INFO  o.e.m.c.i.embedder.EclipseLogger - skip non existing resourceDirectory C:\sadrack-jdev\jdev-jsp\meuprojetojsf\src\main\resources
2023-07-27 13:35:57,817 [Worker-147: Building] INFO  o.e.m.c.i.embedder.EclipseLogger - Using 'UTF-8' encoding to copy filtered resources.
2023-07-27 13:35:57,817 [Worker-147: Building] INFO  o.e.m.c.i.embedder.EclipseLogger - skip non existing resourceDirectory C:\sadrack-jdev\jdev-jsp\meuprojetojsf\src\test\resources
2023-07-27 13:36:07,509 [Worker-141: Building] INFO  o.e.m.c.i.embedder.EclipseLogger - Using 'UTF-8' encoding to copy filtered resources.
2023-07-27 13:36:07,510 [Worker-141: Building] INFO  o.e.m.c.i.embedder.EclipseLogger - skip non existing resourceDirectory C:\sadrack-jdev\jdev-jsp\meuprojetojsf\src\main\resources
2023-07-27 13:36:07,513 [Worker-141: Building] INFO  o.e.m.c.i.embedder.EclipseLogger - Using 'UTF-8' encoding to copy filtered resources.
2023-07-27 13:36:07,513 [Worker-141: Building] INFO  o.e.m.c.i.embedder.EclipseLogger - skip non existing resourceDirectory C:\sadrack-jdev\jdev-jsp\meuprojetojsf\src\test\resources
2023-07-27 13:36:10,684 [Worker-145: Building] INFO  o.e.m.c.i.embedder.EclipseLogger - Using 'UTF-8' encoding to copy filtered resources.
2023-07-27 13:36:10,684 [Worker-145: Building] INFO  o.e.m.c.i.embedder.EclipseLogger - skip non existing resourceDirectory C:\sadrack-jdev\jdev-jsp\meuprojetojsf\src\main\resources
2023-07-27 13:36:10,685 [Worker-145: Building] INFO  o.e.m.c.i.embedder.EclipseLogger - Using 'UTF-8' encoding to copy filtered resources.
2023-07-27 13:36:10,685 [Worker-145: Building] INFO  o.e.m.c.i.embedder.EclipseLogger - skip non existing resourceDirectory C:\sadrack-jdev\jdev-jsp\meuprojetojsf\src\test\resources
2023-07-27 13:37:44,467 [Worker-141: Building] INFO  o.e.m.c.i.embedder.EclipseLogger - Using 'UTF-8' encoding to copy filtered resources.
2023-07-27 13:37:44,467 [Worker-141: Building] INFO  o.e.m.c.i.embedder.EclipseLogger - skip non existing resourceDirectory C:\sadrack-jdev\jdev-jsp\meuprojetojsf\src\main\resources
2023-07-27 13:37:44,468 [Worker-141: Building] INFO  o.e.m.c.i.embedder.EclipseLogger - Using 'UTF-8' encoding to copy filtered resources.
2023-07-27 13:37:44,468 [Worker-141: Building] INFO  o.e.m.c.i.embedder.EclipseLogger - skip non existing resourceDirectory C:\sadrack-jdev\jdev-jsp\meuprojetojsf\src\test\resources
2023-07-27 13:37:46,712 [Worker-149: Building] INFO  o.e.m.c.i.embedder.EclipseLogger - Using 'UTF-8' encoding to copy filtered resources.
2023-07-27 13:37:46,712 [Worker-149: Building] INFO  o.e.m.c.i.embedder.EclipseLogger - skip non existing resourceDirectory C:\sadrack-jdev\jdev-jsp\meuprojetojsf\src\main\resources
2023-07-27 13:37:46,713 [Worker-149: Building] INFO  o.e.m.c.i.embedder.EclipseLogger - Using 'UTF-8' encoding to copy filtered resources.
2023-07-27 13:37:46,713 [Worker-149: Building] INFO  o.e.m.c.i.embedder.EclipseLogger - skip non existing resourceDirectory C:\sadrack-jdev\jdev-jsp\meuprojetojsf\src\test\resources
2023-07-27 13:44:42,821 [Worker-150: Building] INFO  o.e.m.c.i.embedder.EclipseLogger - Using 'UTF-8' encoding to copy filtered resources.
2023-07-27 13:44:42,821 [Worker-150: Building] INFO  o.e.m.c.i.embedder.EclipseLogger - skip non existing resourceDirectory C:\sadrack-jdev\jdev-jsp\meuprojetojsf\src\main\resources
2023-07-27 13:44:42,824 [Worker-150: Building] INFO  o.e.m.c.i.embedder.EclipseLogger - Using 'UTF-8' encoding to copy filtered resources.
2023-07-27 13:44:42,824 [Worker-150: Building] INFO  o.e.m.c.i.embedder.EclipseLogger - skip non existing resourceDirectory C:\sadrack-jdev\jdev-jsp\meuprojetojsf\src\test\resources
2023-07-27 13:44:47,656 [Worker-150: Building] INFO  o.e.m.c.i.embedder.EclipseLogger - Using 'UTF-8' encoding to copy filtered resources.
2023-07-27 13:44:47,656 [Worker-150: Building] INFO  o.e.m.c.i.embedder.EclipseLogger - skip non existing resourceDirectory C:\sadrack-jdev\jdev-jsp\meuprojetojsf\src\main\resources
2023-07-27 13:44:47,658 [Worker-150: Building] INFO  o.e.m.c.i.embedder.EclipseLogger - Using 'UTF-8' encoding to copy filtered resources.
2023-07-27 13:44:47,658 [Worker-150: Building] INFO  o.e.m.c.i.embedder.EclipseLogger - skip non existing resourceDirectory C:\sadrack-jdev\jdev-jsp\meuprojetojsf\src\test\resources
2023-07-27 13:46:47,606 [Worker-153: Building] INFO  o.e.m.c.i.embedder.EclipseLogger - Using 'UTF-8' encoding to copy filtered resources.
2023-07-27 13:46:47,606 [Worker-153: Building] INFO  o.e.m.c.i.embedder.EclipseLogger - skip non existing resourceDirectory C:\sadrack-jdev\jdev-jsp\meuprojetojsf\src\main\resources
2023-07-27 13:46:47,608 [Worker-153: Building] INFO  o.e.m.c.i.embedder.EclipseLogger - Using 'UTF-8' encoding to copy filtered resources.
2023-07-27 13:46:47,609 [Worker-153: Building] INFO  o.e.m.c.i.embedder.EclipseLogger - skip non existing resourceDirectory C:\sadrack-jdev\jdev-jsp\meuprojetojsf\src\test\resources
2023-07-27 13:47:30,414 [Worker-154: Building] INFO  o.e.m.c.i.embedder.EclipseLogger - Using 'UTF-8' encoding to copy filtered resources.
2023-07-27 13:47:30,414 [Worker-154: Building] INFO  o.e.m.c.i.embedder.EclipseLogger - skip non existing resourceDirectory C:\sadrack-jdev\jdev-jsp\meuprojetojsf\src\main\resources
2023-07-27 13:47:30,415 [Worker-154: Building] INFO  o.e.m.c.i.embedder.EclipseLogger - Using 'UTF-8' encoding to copy filtered resources.
2023-07-27 13:47:30,415 [Worker-154: Building] INFO  o.e.m.c.i.embedder.EclipseLogger - skip non existing resourceDirectory C:\sadrack-jdev\jdev-jsp\meuprojetojsf\src\test\resources
2023-07-27 13:48:55,884 [Worker-154: Building] INFO  o.e.m.c.i.embedder.EclipseLogger - Using 'UTF-8' encoding to copy filtered resources.
2023-07-27 13:48:55,884 [Worker-154: Building] INFO  o.e.m.c.i.embedder.EclipseLogger - skip non existing resourceDirectory C:\sadrack-jdev\jdev-jsp\meuprojetojsf\src\main\resources
2023-07-27 13:48:55,886 [Worker-154: Building] INFO  o.e.m.c.i.embedder.EclipseLogger - Using 'UTF-8' encoding to copy filtered resources.
2023-07-27 13:48:55,886 [Worker-154: Building] INFO  o.e.m.c.i.embedder.EclipseLogger - skip non existing resourceDirectory C:\sadrack-jdev\jdev-jsp\meuprojetojsf\src\test\resources
2023-07-27 13:50:15,402 [Worker-154: Building] INFO  o.e.m.c.i.embedder.EclipseLogger - Using 'UTF-8' encoding to copy filtered resources.
2023-07-27 13:50:15,402 [Worker-154: Building] INFO  o.e.m.c.i.embedder.EclipseLogger - skip non existing resourceDirectory C:\sadrack-jdev\jdev-jsp\meuprojetojsf\src\main\resources
2023-07-27 13:50:15,404 [Worker-154: Building] INFO  o.e.m.c.i.embedder.EclipseLogger - Using 'UTF-8' encoding to copy filtered resources.
2023-07-27 13:50:15,405 [Worker-154: Building] INFO  o.e.m.c.i.embedder.EclipseLogger - skip non existing resourceDirectory C:\sadrack-jdev\jdev-jsp\meuprojetojsf\src\test\resources
2023-07-27 13:50:56,700 [Worker-154: Building] INFO  o.e.m.c.i.embedder.EclipseLogger - Using 'UTF-8' encoding to copy filtered resources.
2023-07-27 13:50:56,701 [Worker-154: Building] INFO  o.e.m.c.i.embedder.EclipseLogger - skip non existing resourceDirectory C:\sadrack-jdev\jdev-jsp\meuprojetojsf\src\main\resources
2023-07-27 13:50:56,703 [Worker-154: Building] INFO  o.e.m.c.i.embedder.EclipseLogger - Using 'UTF-8' encoding to copy filtered resources.
2023-07-27 13:50:56,703 [Worker-154: Building] INFO  o.e.m.c.i.embedder.EclipseLogger - skip non existing resourceDirectory C:\sadrack-jdev\jdev-jsp\meuprojetojsf\src\test\resources
2023-07-27 13:56:30,387 [Worker-153: Building] INFO  o.e.m.c.i.embedder.EclipseLogger - Using 'UTF-8' encoding to copy filtered resources.
2023-07-27 13:56:30,387 [Worker-153: Building] INFO  o.e.m.c.i.embedder.EclipseLogger - skip non existing resourceDirectory C:\sadrack-jdev\jdev-jsp\meuprojetojsf\src\main\resources
2023-07-27 13:56:30,389 [Worker-153: Building] INFO  o.e.m.c.i.embedder.EclipseLogger - Using 'UTF-8' encoding to copy filtered resources.
2023-07-27 13:56:30,390 [Worker-153: Building] INFO  o.e.m.c.i.embedder.EclipseLogger - skip non existing resourceDirectory C:\sadrack-jdev\jdev-jsp\meuprojetojsf\src\test\resources
2023-07-27 13:57:07,743 [Worker-153: Building] INFO  o.e.m.c.i.embedder.EclipseLogger - Using 'UTF-8' encoding to copy filtered resources.
2023-07-27 13:57:07,743 [Worker-153: Building] INFO  o.e.m.c.i.embedder.EclipseLogger - skip non existing resourceDirectory C:\sadrack-jdev\jdev-jsp\meuprojetojsf\src\main\resources
2023-07-27 13:57:07,745 [Worker-153: Building] INFO  o.e.m.c.i.embedder.EclipseLogger - Using 'UTF-8' encoding to copy filtered resources.
2023-07-27 13:57:07,745 [Worker-153: Building] INFO  o.e.m.c.i.embedder.EclipseLogger - skip non existing resourceDirectory C:\sadrack-jdev\jdev-jsp\meuprojetojsf\src\test\resources
2023-07-27 14:00:44,241 [Worker-159: Building] INFO  o.e.m.c.i.embedder.EclipseLogger - Using 'UTF-8' encoding to copy filtered resources.
2023-07-27 14:00:44,241 [Worker-159: Building] INFO  o.e.m.c.i.embedder.EclipseLogger - skip non existing resourceDirectory C:\sadrack-jdev\jdev-jsp\meuprojetojsf\src\main\resources
2023-07-27 14:00:44,242 [Worker-159: Building] INFO  o.e.m.c.i.embedder.EclipseLogger - Using 'UTF-8' encoding to copy filtered resources.
2023-07-27 14:00:44,242 [Worker-159: Building] INFO  o.e.m.c.i.embedder.EclipseLogger - skip non existing resourceDirectory C:\sadrack-jdev\jdev-jsp\meuprojetojsf\src\test\resources
2023-07-27 14:01:45,640 [Worker-2: Loading available Gradle versions] INFO  o.e.b.c.i.u.g.PublishedGradleVersions - Gradle version information cache is up-to-date. Trying to read.
2023-07-27 14:06:30,030 [Worker-18: Building] INFO  o.e.m.c.i.embedder.EclipseLogger - Using 'UTF-8' encoding to copy filtered resources.
2023-07-27 14:06:30,031 [Worker-18: Building] INFO  o.e.m.c.i.embedder.EclipseLogger - skip non existing resourceDirectory C:\sadrack-jdev\jdev-jsp\meuprojetojsf\src\main\resources
2023-07-27 14:06:30,034 [Worker-18: Building] INFO  o.e.m.c.i.embedder.EclipseLogger - Using 'UTF-8' encoding to copy filtered resources.
2023-07-27 14:06:30,035 [Worker-18: Building] INFO  o.e.m.c.i.embedder.EclipseLogger - skip non existing resourceDirectory C:\sadrack-jdev\jdev-jsp\meuprojetojsf\src\test\resources
2023-07-27 14:06:58,331 [Worker-20: Building] INFO  o.e.m.c.i.embedder.EclipseLogger - Using 'UTF-8' encoding to copy filtered resources.
2023-07-27 14:06:58,332 [Worker-20: Building] INFO  o.e.m.c.i.embedder.EclipseLogger - skip non existing resourceDirectory C:\sadrack-jdev\jdev-jsp\meuprojetojsf\src\main\resources
2023-07-27 14:06:58,334 [Worker-20: Building] INFO  o.e.m.c.i.embedder.EclipseLogger - Using 'UTF-8' encoding to copy filtered resources.
2023-07-27 14:06:58,335 [Worker-20: Building] INFO  o.e.m.c.i.embedder.EclipseLogger - skip non existing resourceDirectory C:\sadrack-jdev\jdev-jsp\meuprojetojsf\src\test\resources
2023-07-27 14:07:18,799 [Worker-20: Building] INFO  o.e.m.c.i.embedder.EclipseLogger - Using 'UTF-8' encoding to copy filtered resources.
2023-07-27 14:07:18,799 [Worker-20: Building] INFO  o.e.m.c.i.embedder.EclipseLogger - skip non existing resourceDirectory C:\sadrack-jdev\jdev-jsp\meuprojetojsf\src\main\resources
2023-07-27 14:07:18,801 [Worker-20: Building] INFO  o.e.m.c.i.embedder.EclipseLogger - Using 'UTF-8' encoding to copy filtered resources.
2023-07-27 14:07:18,801 [Worker-20: Building] INFO  o.e.m.c.i.embedder.EclipseLogger - skip non existing resourceDirectory C:\sadrack-jdev\jdev-jsp\meuprojetojsf\src\test\resources
2023-07-27 14:08:07,240 [Worker-21: Building] INFO  o.e.m.c.i.embedder.EclipseLogger - Using 'UTF-8' encoding to copy filtered resources.
2023-07-27 14:08:07,240 [Worker-21: Building] INFO  o.e.m.c.i.embedder.EclipseLogger - skip non existing resourceDirectory C:\sadrack-jdev\jdev-jsp\meuprojetojsf\src\main\resources
2023-07-27 14:08:07,242 [Worker-21: Building] INFO  o.e.m.c.i.embedder.EclipseLogger - Using 'UTF-8' encoding to copy filtered resources.
2023-07-27 14:08:07,242 [Worker-21: Building] INFO  o.e.m.c.i.embedder.EclipseLogger - skip non existing resourceDirectory C:\sadrack-jdev\jdev-jsp\meuprojetojsf\src\test\resources
2023-07-27 14:08:37,074 [Worker-22: Building] INFO  o.e.m.c.i.embedder.EclipseLogger - Using 'UTF-8' encoding to copy filtered resources.
2023-07-27 14:08:37,074 [Worker-22: Building] INFO  o.e.m.c.i.embedder.EclipseLogger - skip non existing resourceDirectory C:\sadrack-jdev\jdev-jsp\meuprojetojsf\src\main\resources
2023-07-27 14:08:37,076 [Worker-22: Building] INFO  o.e.m.c.i.embedder.EclipseLogger - Using 'UTF-8' encoding to copy filtered resources.
2023-07-27 14:08:37,076 [Worker-22: Building] INFO  o.e.m.c.i.embedder.EclipseLogger - skip non existing resourceDirectory C:\sadrack-jdev\jdev-jsp\meuprojetojsf\src\test\resources
2023-07-27 14:13:26,381 [Worker-24: Building] INFO  o.e.m.c.i.embedder.EclipseLogger - Using 'UTF-8' encoding to copy filtered resources.
2023-07-27 14:13:26,381 [Worker-24: Building] INFO  o.e.m.c.i.embedder.EclipseLogger - skip non existing resourceDirectory C:\sadrack-jdev\jdev-jsp\meuprojetojsf\src\main\resources
2023-07-27 14:13:26,384 [Worker-24: Building] INFO  o.e.m.c.i.embedder.EclipseLogger - Using 'UTF-8' encoding to copy filtered resources.
2023-07-27 14:13:26,384 [Worker-24: Building] INFO  o.e.m.c.i.embedder.EclipseLogger - skip non existing resourceDirectory C:\sadrack-jdev\jdev-jsp\meuprojetojsf\src\test\resources
2023-07-27 14:13:29,917 [Worker-26: Building] INFO  o.e.m.c.i.embedder.EclipseLogger - Using 'UTF-8' encoding to copy filtered resources.
2023-07-27 14:13:29,917 [Worker-26: Building] INFO  o.e.m.c.i.embedder.EclipseLogger - skip non existing resourceDirectory C:\sadrack-jdev\jdev-jsp\meuprojetojsf\src\main\resources
2023-07-27 14:13:29,918 [Worker-26: Building] INFO  o.e.m.c.i.embedder.EclipseLogger - Using 'UTF-8' encoding to copy filtered resources.
2023-07-27 14:13:29,919 [Worker-26: Building] INFO  o.e.m.c.i.embedder.EclipseLogger - skip non existing resourceDirectory C:\sadrack-jdev\jdev-jsp\meuprojetojsf\src\test\resources
2023-07-27 14:13:36,205 [Worker-13: Building] INFO  o.e.m.c.i.embedder.EclipseLogger - Using 'UTF-8' encoding to copy filtered resources.
2023-07-27 14:13:36,205 [Worker-13: Building] INFO  o.e.m.c.i.embedder.EclipseLogger - skip non existing resourceDirectory C:\sadrack-jdev\jdev-jsp\meuprojetojsf\src\main\resources
2023-07-27 14:13:36,208 [Worker-13: Building] INFO  o.e.m.c.i.embedder.EclipseLogger - Using 'UTF-8' encoding to copy filtered resources.
2023-07-27 14:13:36,209 [Worker-13: Building] INFO  o.e.m.c.i.embedder.EclipseLogger - skip non existing resourceDirectory C:\sadrack-jdev\jdev-jsp\meuprojetojsf\src\test\resources
2023-07-27 14:17:50,563 [Worker-24: Building] INFO  o.e.m.c.i.embedder.EclipseLogger - Using 'UTF-8' encoding to copy filtered resources.
2023-07-27 14:17:50,564 [Worker-24: Building] INFO  o.e.m.c.i.embedder.EclipseLogger - skip non existing resourceDirectory C:\sadrack-jdev\jdev-jsp\meuprojetojsf\src\main\resources
2023-07-27 14:17:50,566 [Worker-24: Building] INFO  o.e.m.c.i.embedder.EclipseLogger - Using 'UTF-8' encoding to copy filtered resources.
2023-07-27 14:17:50,566 [Worker-24: Building] INFO  o.e.m.c.i.embedder.EclipseLogger - skip non existing resourceDirectory C:\sadrack-jdev\jdev-jsp\meuprojetojsf\src\test\resources
2023-07-27 14:29:39,370 [Worker-32: Building] INFO  o.e.m.c.i.embedder.EclipseLogger - Using 'UTF-8' encoding to copy filtered resources.
2023-07-27 14:29:39,370 [Worker-32: Building] INFO  o.e.m.c.i.embedder.EclipseLogger - skip non existing resourceDirectory C:\sadrack-jdev\jdev-jsp\meuprojetojsf\src\main\resources
2023-07-27 14:29:39,371 [Worker-32: Building] INFO  o.e.m.c.i.embedder.EclipseLogger - Using 'UTF-8' encoding to copy filtered resources.
2023-07-27 14:29:39,372 [Worker-32: Building] INFO  o.e.m.c.i.embedder.EclipseLogger - skip non existing resourceDirectory C:\sadrack-jdev\jdev-jsp\meuprojetojsf\src\test\resources
2023-07-27 14:29:50,412 [Worker-34: Building] INFO  o.e.m.c.i.embedder.EclipseLogger - Using 'UTF-8' encoding to copy filtered resources.
2023-07-27 14:29:50,412 [Worker-34: Building] INFO  o.e.m.c.i.embedder.EclipseLogger - skip non existing resourceDirectory C:\sadrack-jdev\jdev-jsp\meuprojetojsf\src\main\resources
2023-07-27 14:29:50,414 [Worker-34: Building] INFO  o.e.m.c.i.embedder.EclipseLogger - Using 'UTF-8' encoding to copy filtered resources.
2023-07-27 14:29:50,414 [Worker-34: Building] INFO  o.e.m.c.i.embedder.EclipseLogger - skip non existing resourceDirectory C:\sadrack-jdev\jdev-jsp\meuprojetojsf\src\test\resources
2023-07-27 14:30:05,067 [Worker-32: Building] INFO  o.e.m.c.i.embedder.EclipseLogger - Using 'UTF-8' encoding to copy filtered resources.
2023-07-27 14:30:05,067 [Worker-32: Building] INFO  o.e.m.c.i.embedder.EclipseLogger - skip non existing resourceDirectory C:\sadrack-jdev\jdev-jsp\meuprojetojsf\src\main\resources
2023-07-27 14:30:05,069 [Worker-32: Building] INFO  o.e.m.c.i.embedder.EclipseLogger - Using 'UTF-8' encoding to copy filtered resources.
2023-07-27 14:30:05,070 [Worker-32: Building] INFO  o.e.m.c.i.embedder.EclipseLogger - skip non existing resourceDirectory C:\sadrack-jdev\jdev-jsp\meuprojetojsf\src\test\resources
2023-07-27 14:38:58,636 [Worker-40: Building] INFO  o.e.m.c.i.embedder.EclipseLogger - Using 'UTF-8' encoding to copy filtered resources.
2023-07-27 14:38:58,636 [Worker-40: Building] INFO  o.e.m.c.i.embedder.EclipseLogger - skip non existing resourceDirectory C:\sadrack-jdev\jdev-jsp\meuprojetojsf\src\main\resources
2023-07-27 14:38:58,638 [Worker-40: Building] INFO  o.e.m.c.i.embedder.EclipseLogger - Using 'UTF-8' encoding to copy filtered resources.
2023-07-27 14:38:58,638 [Worker-40: Building] INFO  o.e.m.c.i.embedder.EclipseLogger - skip non existing resourceDirectory C:\sadrack-jdev\jdev-jsp\meuprojetojsf\src\test\resources
2023-07-27 14:41:54,257 [Worker-35: Building] INFO  o.e.m.c.i.embedder.EclipseLogger - Using 'UTF-8' encoding to copy filtered resources.
2023-07-27 14:41:54,258 [Worker-35: Building] INFO  o.e.m.c.i.embedder.EclipseLogger - skip non existing resourceDirectory C:\sadrack-jdev\jdev-jsp\meuprojetojsf\src\main\resources
2023-07-27 14:41:54,261 [Worker-35: Building] INFO  o.e.m.c.i.embedder.EclipseLogger - Using 'UTF-8' encoding to copy filtered resources.
2023-07-27 14:41:54,261 [Worker-35: Building] INFO  o.e.m.c.i.embedder.EclipseLogger - skip non existing resourceDirectory C:\sadrack-jdev\jdev-jsp\meuprojetojsf\src\test\resources
2023-07-27 14:42:41,707 [Worker-40: Building] INFO  o.e.m.c.i.embedder.EclipseLogger - Using 'UTF-8' encoding to copy filtered resources.
2023-07-27 14:42:41,708 [Worker-40: Building] INFO  o.e.m.c.i.embedder.EclipseLogger - skip non existing resourceDirectory C:\sadrack-jdev\jdev-jsp\meuprojetojsf\src\main\resources
2023-07-27 14:42:41,710 [Worker-40: Building] INFO  o.e.m.c.i.embedder.EclipseLogger - Using 'UTF-8' encoding to copy filtered resources.
2023-07-27 14:42:41,711 [Worker-40: Building] INFO  o.e.m.c.i.embedder.EclipseLogger - skip non existing resourceDirectory C:\sadrack-jdev\jdev-jsp\meuprojetojsf\src\test\resources
